#
# There is insufficient memory for the Java Runtime Environment to continue.
# Native memory allocation (malloc) failed to allocate 1915696 bytes for Chunk::new
# Possible reasons:
#   The system is out of physical RAM or swap space
#   The process is running with CompressedOops enabled, and the Java Heap may be blocking the growth of the native heap
# Possible solutions:
#   Reduce memory load on the system
#   Increase physical memory or swap space
#   Check if swap backing store is full
#   Decrease Java heap size (-Xmx/-Xms)
#   Decrease number of Java threads
#   Decrease Java thread stack sizes (-Xss)
#   Set larger code cache with -XX:ReservedCodeCacheSize=
#   JVM is running with Unscaled Compressed Oops mode in which the Java heap is
#     placed in the first 4GB address space. The Java Heap base address is the
#     maximum limit for the native heap growth. Please use -XX:HeapBaseMinAddress
#     to set the Java Heap base and to place the Java Heap above 4GB virtual address.
# This output file may be truncated or incomplete.
#
#  Out of Memory Error (./src/hotspot/share/memory/arena.cpp:197), pid=26972, tid=28284
#
# JRE version: OpenJDK Runtime Environment Corretto-11.0.18.10.1 (11.0.18+10) (build 11.0.18+10-LTS)
# Java VM: OpenJDK 64-Bit Server VM Corretto-11.0.18.10.1 (11.0.18+10-LTS, mixed mode, tiered, compressed oops, g1 gc, windows-amd64)
# No core dump will be written. Minidumps are not enabled by default on client versions of Windows
#

---------------  S U M M A R Y ------------

Command Line: --add-opens=java.base/java.util=ALL-UNNAMED --add-opens=java.base/java.lang=ALL-UNNAMED --add-opens=java.base/java.lang.invoke=ALL-UNNAMED --add-opens=java.prefs/java.util.prefs=ALL-UNNAMED -XX:MaxMetaspaceSize=256m -XX:+HeapDumpOnOutOfMemoryError -Xms256m -Xmx512m -Dfile.encoding=x-windows-874 -Duser.country=US -Duser.language=en -Duser.variant org.gradle.launcher.daemon.bootstrap.GradleDaemon 5.3

Host: AMD Ryzen 5 2500U with Radeon Vega Mobile Gfx  , 8 cores, 6G,  Windows 10 , 64 bit Build 19041 (10.0.19041.2546)
Time: Wed Mar 15 23:02:36 2023 SE Asia Standard Time elapsed time: 11.615911 seconds (0d 0h 0m 11s)

---------------  T H R E A D  ---------------

Current thread (0x0000025ebcde1800):  JavaThread "C2 CompilerThread0" daemon [_thread_in_native, id=28284, stack(0x000000a5fe100000,0x000000a5fe200000)]


Current CompileTask:
C2:  11615 3345       4       groovy.lang.MetaClassImpl$1MOPIter::methodNameAction (325 bytes)

Stack: [0x000000a5fe100000,0x000000a5fe200000]
Native frames: (J=compiled Java code, j=interpreted, Vv=VM code, C=native code)
V  [jvm.dll+0x622d9a]
V  [jvm.dll+0x7b0289]
V  [jvm.dll+0x7b1978]
V  [jvm.dll+0x7b2053]
V  [jvm.dll+0x24fe08]
V  [jvm.dll+0xc264c]
V  [jvm.dll+0xc2c0c]
V  [jvm.dll+0x35c7a2]
V  [jvm.dll+0x328783]
V  [jvm.dll+0x327aba]
V  [jvm.dll+0x2092c3]
V  [jvm.dll+0x20841d]
V  [jvm.dll+0x18a3c1]
V  [jvm.dll+0x217ac4]
V  [jvm.dll+0x215d0b]
V  [jvm.dll+0x772d90]
V  [jvm.dll+0x76bcc4]
V  [jvm.dll+0x621c05]
C  [ucrtbase.dll+0x21bb2]
C  [KERNEL32.DLL+0x17614]
C  [ntdll.dll+0x526a1]


---------------  P R O C E S S  ---------------

Threads class SMR info:
_java_thread_list=0x0000025ec1273590, length=29, elements={
0x0000025ea0c4f000, 0x0000025ebc476800, 0x0000025ebc470800, 0x0000025ebcdda000,
0x0000025ebcddd000, 0x0000025ebcdde800, 0x0000025ebcde1800, 0x0000025ebc480000,
0x0000025ebc487000, 0x0000025ebcf4b800, 0x0000025ebd8b0800, 0x0000025ebe6fd800,
0x0000025ebe6fb800, 0x0000025ebe9d4800, 0x0000025ebe847000, 0x0000025ebe857000,
0x0000025ebe886800, 0x0000025ebe86e800, 0x0000025ebe887800, 0x0000025ebe932000,
0x0000025ebe6f3000, 0x0000025ebe6f0800, 0x0000025ebe6f2000, 0x0000025ebe6f1000,
0x0000025ec0d04800, 0x0000025ec0d06800, 0x0000025ec0d07000, 0x0000025ec0d02800,
0x0000025ec0d08000
}

Java Threads: ( => current thread )
  0x0000025ea0c4f000 JavaThread "main" [_thread_blocked, id=19936, stack(0x000000a5fd500000,0x000000a5fd600000)]
  0x0000025ebc476800 JavaThread "Reference Handler" daemon [_thread_blocked, id=16396, stack(0x000000a5fdc00000,0x000000a5fdd00000)]
  0x0000025ebc470800 JavaThread "Finalizer" daemon [_thread_blocked, id=9076, stack(0x000000a5fdd00000,0x000000a5fde00000)]
  0x0000025ebcdda000 JavaThread "Signal Dispatcher" daemon [_thread_blocked, id=28396, stack(0x000000a5fde00000,0x000000a5fdf00000)]
  0x0000025ebcddd000 JavaThread "Attach Listener" daemon [_thread_blocked, id=28100, stack(0x000000a5fdf00000,0x000000a5fe000000)]
  0x0000025ebcdde800 JavaThread "Service Thread" daemon [_thread_blocked, id=21564, stack(0x000000a5fe000000,0x000000a5fe100000)]
=>0x0000025ebcde1800 JavaThread "C2 CompilerThread0" daemon [_thread_in_native, id=28284, stack(0x000000a5fe100000,0x000000a5fe200000)]
  0x0000025ebc480000 JavaThread "C1 CompilerThread0" daemon [_thread_blocked, id=11716, stack(0x000000a5fe200000,0x000000a5fe300000)]
  0x0000025ebc487000 JavaThread "Sweeper thread" daemon [_thread_blocked, id=28544, stack(0x000000a5fe300000,0x000000a5fe400000)]
  0x0000025ebcf4b800 JavaThread "Common-Cleaner" daemon [_thread_blocked, id=27996, stack(0x000000a5fe400000,0x000000a5fe500000)]
  0x0000025ebd8b0800 JavaThread "Daemon health stats" [_thread_blocked, id=21860, stack(0x000000a5feb00000,0x000000a5fec00000)]
  0x0000025ebe6fd800 JavaThread "Incoming local TCP Connector on port 59316" [_thread_in_native, id=28312, stack(0x000000a5fec00000,0x000000a5fed00000)]
  0x0000025ebe6fb800 JavaThread "Daemon periodic checks" [_thread_blocked, id=27412, stack(0x000000a5fed00000,0x000000a5fee00000)]
  0x0000025ebe9d4800 JavaThread "Daemon" [_thread_blocked, id=27916, stack(0x000000a5fee00000,0x000000a5fef00000)]
  0x0000025ebe847000 JavaThread "Handler for socket connection from /127.0.0.1:59316 to /127.0.0.1:59317" [_thread_in_native, id=18016, stack(0x000000a5fef00000,0x000000a5ff000000)]
  0x0000025ebe857000 JavaThread "Cancel handler" [_thread_blocked, id=3608, stack(0x000000a5ff000000,0x000000a5ff100000)]
  0x0000025ebe886800 JavaThread "Daemon worker" [_thread_in_vm, id=20860, stack(0x000000a5ff100000,0x000000a5ff200000)]
  0x0000025ebe86e800 JavaThread "Asynchronous log dispatcher for DefaultDaemonConnection: socket connection from /127.0.0.1:59316 to /127.0.0.1:59317" [_thread_blocked, id=9012, stack(0x000000a5ff200000,0x000000a5ff300000)]
  0x0000025ebe887800 JavaThread "Stdin handler" [_thread_blocked, id=27920, stack(0x000000a5ff300000,0x000000a5ff400000)]
  0x0000025ebe932000 JavaThread "Thread-8" [_thread_blocked, id=16216, stack(0x000000a5ff400000,0x000000a5ff500000)]
  0x0000025ebe6f3000 JavaThread "Cache worker for file hash cache (C:\Users\WINDOWS10\.gradle\caches\5.3\fileHashes)" [_thread_blocked, id=24492, stack(0x000000a5ff500000,0x000000a5ff600000)]
  0x0000025ebe6f0800 JavaThread "File lock request listener" [_thread_in_native, id=25592, stack(0x000000a5ff600000,0x000000a5ff700000)]
  0x0000025ebe6f2000 JavaThread "Cache worker for journal cache (C:\Users\WINDOWS10\.gradle\caches\journal-1)" [_thread_blocked, id=28564, stack(0x000000a5ff700000,0x000000a5ff800000)]
  0x0000025ebe6f1000 JavaThread "Cache worker for file hash cache (D:\se\spint2\.gradle\5.3\fileHashes)" [_thread_blocked, id=28460, stack(0x000000a5ffb00000,0x000000a5ffc00000)]
  0x0000025ec0d04800 JavaThread "Cache worker for cache directory md-supplier (C:\Users\WINDOWS10\.gradle\caches\5.3\md-supplier)" [_thread_blocked, id=28224, stack(0x000000a5ffc00000,0x000000a5ffd00000)]
  0x0000025ec0d06800 JavaThread "Cache worker for cache directory md-rule (C:\Users\WINDOWS10\.gradle\caches\5.3\md-rule)" [_thread_blocked, id=27712, stack(0x000000a5ffd00000,0x000000a5ffe00000)]
  0x0000025ec0d07000 JavaThread "Cache worker for execution history cache (C:\Users\WINDOWS10\.gradle\caches\5.3\executionHistory)" [_thread_blocked, id=22156, stack(0x000000a5ffe00000,0x000000a5fff00000)]
  0x0000025ec0d02800 JavaThread "Build operations" [_thread_blocked, id=27912, stack(0x000000a5fff00000,0x000000a600000000)]
  0x0000025ec0d08000 JavaThread "Cache worker for Build Output Cleanup Cache (D:\se\spint2\.gradle\buildOutputCleanup)" [_thread_blocked, id=27684, stack(0x000000a580000000,0x000000a580100000)]

Other Threads:
  0x0000025ebc43f000 VMThread "VM Thread" [stack: 0x000000a5fdb00000,0x000000a5fdc00000] [id=28092]
  0x0000025ebcf55800 WatcherThread [stack: 0x000000a5fe500000,0x000000a5fe600000] [id=20980]
  0x0000025ea0c66800 GCTaskThread "GC Thread#0" [stack: 0x000000a5fd600000,0x000000a5fd700000] [id=27596]
  0x0000025ebd702800 GCTaskThread "GC Thread#1" [stack: 0x000000a5fe600000,0x000000a5fe700000] [id=26956]
  0x0000025ebd85e800 GCTaskThread "GC Thread#2" [stack: 0x000000a5fe700000,0x000000a5fe800000] [id=25120]
  0x0000025ebd83d000 GCTaskThread "GC Thread#3" [stack: 0x000000a5fe800000,0x000000a5fe900000] [id=16636]
  0x0000025ebd83d800 GCTaskThread "GC Thread#4" [stack: 0x000000a5fe900000,0x000000a5fea00000] [id=27952]
  0x0000025ebd91d000 GCTaskThread "GC Thread#5" [stack: 0x000000a5fea00000,0x000000a5feb00000] [id=21208]
  0x0000025ebe77e800 GCTaskThread "GC Thread#6" [stack: 0x000000a5ff800000,0x000000a5ff900000] [id=6416]
  0x0000025ebe77f000 GCTaskThread "GC Thread#7" [stack: 0x000000a5ff900000,0x000000a5ffa00000] [id=2180]
  0x0000025ea0c7b000 ConcurrentGCThread "G1 Main Marker" [stack: 0x000000a5fd700000,0x000000a5fd800000] [id=26248]
  0x0000025ea0c7c000 ConcurrentGCThread "G1 Conc#0" [stack: 0x000000a5fd800000,0x000000a5fd900000] [id=1260]
  0x0000025ebe780800 ConcurrentGCThread "G1 Conc#1" [stack: 0x000000a5ffa00000,0x000000a5ffb00000] [id=20120]
  0x0000025ea0d2e800 ConcurrentGCThread "G1 Refine#0" [stack: 0x000000a5fd900000,0x000000a5fda00000] [id=2648]
  0x0000025ebc2de800 ConcurrentGCThread "G1 Young RemSet Sampling" [stack: 0x000000a5fda00000,0x000000a5fdb00000] [id=27368]

Threads with active compile tasks:
C2 CompilerThread0    11667 3345       4       groovy.lang.MetaClassImpl$1MOPIter::methodNameAction (325 bytes)
C1 CompilerThread0    11667 3583       2       com.google.common.collect.Sets::newHashSet (8 bytes)

VM state:not at safepoint (normal execution)

VM Mutex/Monitor currently owned by a thread: None

Heap address: 0x00000000e0000000, size: 512 MB, Compressed Oops mode: 32-bit
Narrow klass base: 0x0000000000000000, Narrow klass shift: 3
Compressed class space size: 260046848 Address: 0x0000000100000000

Heap:
 garbage-first heap   total 262144K, used 79052K [0x00000000e0000000, 0x0000000100000000)
  region size 1024K, 64 young (65536K), 11 survivors (11264K)
 Metaspace       used 44062K, capacity 44935K, committed 45184K, reserved 294912K
  class space    used 5721K, capacity 6003K, committed 6016K, reserved 253952K
Heap Regions: E=young(eden), S=young(survivor), O=old, HS=humongous(starts), HC=humongous(continues), CS=collection set, F=free, A=archive, TAMS=top-at-mark-start (previous, next)
|   0|0x00000000e0000000, 0x00000000e0100000, 0x00000000e0100000|100%| O|  |TAMS 0x00000000e0100000, 0x00000000e0000000| Untracked 
|   1|0x00000000e0100000, 0x00000000e0200000, 0x00000000e0200000|100%| O|  |TAMS 0x00000000e0200000, 0x00000000e0100000| Untracked 
|   2|0x00000000e0200000, 0x00000000e0300000, 0x00000000e0300000|100%|HS|  |TAMS 0x00000000e0300000, 0x00000000e0200000| Complete 
|   3|0x00000000e0300000, 0x00000000e0400000, 0x00000000e0400000|100%|HS|  |TAMS 0x00000000e0400000, 0x00000000e0300000| Complete 
|   4|0x00000000e0400000, 0x00000000e0500000, 0x00000000e0500000|100%|HC|  |TAMS 0x00000000e0500000, 0x00000000e0400000| Complete 
|   5|0x00000000e0500000, 0x00000000e0600000, 0x00000000e0600000|100%| O|  |TAMS 0x00000000e0600000, 0x00000000e0500000| Untracked 
|   6|0x00000000e0600000, 0x00000000e0700000, 0x00000000e0700000|100%| O|  |TAMS 0x00000000e0700000, 0x00000000e0600000| Untracked 
|   7|0x00000000e0700000, 0x00000000e0800000, 0x00000000e0800000|100%| O|  |TAMS 0x00000000e0800000, 0x00000000e0700000| Untracked 
|   8|0x00000000e0800000, 0x00000000e0900000, 0x00000000e0900000|100%| O|  |TAMS 0x00000000e0900000, 0x00000000e0800000| Untracked 
|   9|0x00000000e0900000, 0x00000000e0a00000, 0x00000000e0a00000|100%| O|  |TAMS 0x00000000e0a00000, 0x00000000e0900000| Untracked 
|  10|0x00000000e0a00000, 0x00000000e0b00000, 0x00000000e0b00000|100%| O|  |TAMS 0x00000000e0b00000, 0x00000000e0a00000| Untracked 
|  11|0x00000000e0b00000, 0x00000000e0c00000, 0x00000000e0c00000|100%| O|  |TAMS 0x00000000e0c00000, 0x00000000e0b00000| Untracked 
|  12|0x00000000e0c00000, 0x00000000e0d00000, 0x00000000e0d00000|100%| O|  |TAMS 0x00000000e0d00000, 0x00000000e0c00000| Untracked 
|  13|0x00000000e0d00000, 0x00000000e0e00000, 0x00000000e0e00000|100%| O|  |TAMS 0x00000000e0e00000, 0x00000000e0d00000| Untracked 
|  14|0x00000000e0e00000, 0x00000000e0e60000, 0x00000000e0f00000| 37%| O|  |TAMS 0x00000000e0e60000, 0x00000000e0e00000| Untracked 
|  15|0x00000000e0f00000, 0x00000000e0f00000, 0x00000000e1000000|  0%| F|  |TAMS 0x00000000e0f00000, 0x00000000e0f00000| Untracked 
|  16|0x00000000e1000000, 0x00000000e1000000, 0x00000000e1100000|  0%| F|  |TAMS 0x00000000e1000000, 0x00000000e1000000| Untracked 
|  17|0x00000000e1100000, 0x00000000e1100000, 0x00000000e1200000|  0%| F|  |TAMS 0x00000000e1100000, 0x00000000e1100000| Untracked 
|  18|0x00000000e1200000, 0x00000000e1200000, 0x00000000e1300000|  0%| F|  |TAMS 0x00000000e1200000, 0x00000000e1200000| Untracked 
|  19|0x00000000e1300000, 0x00000000e1300000, 0x00000000e1400000|  0%| F|  |TAMS 0x00000000e1300000, 0x00000000e1300000| Untracked 
|  20|0x00000000e1400000, 0x00000000e1400000, 0x00000000e1500000|  0%| F|  |TAMS 0x00000000e1400000, 0x00000000e1400000| Untracked 
|  21|0x00000000e1500000, 0x00000000e1500000, 0x00000000e1600000|  0%| F|  |TAMS 0x00000000e1500000, 0x00000000e1500000| Untracked 
|  22|0x00000000e1600000, 0x00000000e1600000, 0x00000000e1700000|  0%| F|  |TAMS 0x00000000e1600000, 0x00000000e1600000| Untracked 
|  23|0x00000000e1700000, 0x00000000e1700000, 0x00000000e1800000|  0%| F|  |TAMS 0x00000000e1700000, 0x00000000e1700000| Untracked 
|  24|0x00000000e1800000, 0x00000000e1800000, 0x00000000e1900000|  0%| F|  |TAMS 0x00000000e1800000, 0x00000000e1800000| Untracked 
|  25|0x00000000e1900000, 0x00000000e1900000, 0x00000000e1a00000|  0%| F|  |TAMS 0x00000000e1900000, 0x00000000e1900000| Untracked 
|  26|0x00000000e1a00000, 0x00000000e1a00000, 0x00000000e1b00000|  0%| F|  |TAMS 0x00000000e1a00000, 0x00000000e1a00000| Untracked 
|  27|0x00000000e1b00000, 0x00000000e1b00000, 0x00000000e1c00000|  0%| F|  |TAMS 0x00000000e1b00000, 0x00000000e1b00000| Untracked 
|  28|0x00000000e1c00000, 0x00000000e1c00000, 0x00000000e1d00000|  0%| F|  |TAMS 0x00000000e1c00000, 0x00000000e1c00000| Untracked 
|  29|0x00000000e1d00000, 0x00000000e1d00000, 0x00000000e1e00000|  0%| F|  |TAMS 0x00000000e1d00000, 0x00000000e1d00000| Untracked 
|  30|0x00000000e1e00000, 0x00000000e1e00000, 0x00000000e1f00000|  0%| F|  |TAMS 0x00000000e1e00000, 0x00000000e1e00000| Untracked 
|  31|0x00000000e1f00000, 0x00000000e1f00000, 0x00000000e2000000|  0%| F|  |TAMS 0x00000000e1f00000, 0x00000000e1f00000| Untracked 
|  32|0x00000000e2000000, 0x00000000e2000000, 0x00000000e2100000|  0%| F|  |TAMS 0x00000000e2000000, 0x00000000e2000000| Untracked 
|  33|0x00000000e2100000, 0x00000000e2100000, 0x00000000e2200000|  0%| F|  |TAMS 0x00000000e2100000, 0x00000000e2100000| Untracked 
|  34|0x00000000e2200000, 0x00000000e2200000, 0x00000000e2300000|  0%| F|  |TAMS 0x00000000e2200000, 0x00000000e2200000| Untracked 
|  35|0x00000000e2300000, 0x00000000e2300000, 0x00000000e2400000|  0%| F|  |TAMS 0x00000000e2300000, 0x00000000e2300000| Untracked 
|  36|0x00000000e2400000, 0x00000000e2400000, 0x00000000e2500000|  0%| F|  |TAMS 0x00000000e2400000, 0x00000000e2400000| Untracked 
|  37|0x00000000e2500000, 0x00000000e2500000, 0x00000000e2600000|  0%| F|  |TAMS 0x00000000e2500000, 0x00000000e2500000| Untracked 
|  38|0x00000000e2600000, 0x00000000e2600000, 0x00000000e2700000|  0%| F|  |TAMS 0x00000000e2600000, 0x00000000e2600000| Untracked 
|  39|0x00000000e2700000, 0x00000000e2700000, 0x00000000e2800000|  0%| F|  |TAMS 0x00000000e2700000, 0x00000000e2700000| Untracked 
|  40|0x00000000e2800000, 0x00000000e2800000, 0x00000000e2900000|  0%| F|  |TAMS 0x00000000e2800000, 0x00000000e2800000| Untracked 
|  41|0x00000000e2900000, 0x00000000e2900000, 0x00000000e2a00000|  0%| F|  |TAMS 0x00000000e2900000, 0x00000000e2900000| Untracked 
|  42|0x00000000e2a00000, 0x00000000e2a00000, 0x00000000e2b00000|  0%| F|  |TAMS 0x00000000e2a00000, 0x00000000e2a00000| Untracked 
|  43|0x00000000e2b00000, 0x00000000e2b00000, 0x00000000e2c00000|  0%| F|  |TAMS 0x00000000e2b00000, 0x00000000e2b00000| Untracked 
|  44|0x00000000e2c00000, 0x00000000e2c00000, 0x00000000e2d00000|  0%| F|  |TAMS 0x00000000e2c00000, 0x00000000e2c00000| Untracked 
|  45|0x00000000e2d00000, 0x00000000e2d00000, 0x00000000e2e00000|  0%| F|  |TAMS 0x00000000e2d00000, 0x00000000e2d00000| Untracked 
|  46|0x00000000e2e00000, 0x00000000e2e00000, 0x00000000e2f00000|  0%| F|  |TAMS 0x00000000e2e00000, 0x00000000e2e00000| Untracked 
|  47|0x00000000e2f00000, 0x00000000e2f00000, 0x00000000e3000000|  0%| F|  |TAMS 0x00000000e2f00000, 0x00000000e2f00000| Untracked 
|  48|0x00000000e3000000, 0x00000000e3000000, 0x00000000e3100000|  0%| F|  |TAMS 0x00000000e3000000, 0x00000000e3000000| Untracked 
|  49|0x00000000e3100000, 0x00000000e3100000, 0x00000000e3200000|  0%| F|  |TAMS 0x00000000e3100000, 0x00000000e3100000| Untracked 
|  50|0x00000000e3200000, 0x00000000e3200000, 0x00000000e3300000|  0%| F|  |TAMS 0x00000000e3200000, 0x00000000e3200000| Untracked 
|  51|0x00000000e3300000, 0x00000000e3300000, 0x00000000e3400000|  0%| F|  |TAMS 0x00000000e3300000, 0x00000000e3300000| Untracked 
|  52|0x00000000e3400000, 0x00000000e3400000, 0x00000000e3500000|  0%| F|  |TAMS 0x00000000e3400000, 0x00000000e3400000| Untracked 
|  53|0x00000000e3500000, 0x00000000e3500000, 0x00000000e3600000|  0%| F|  |TAMS 0x00000000e3500000, 0x00000000e3500000| Untracked 
|  54|0x00000000e3600000, 0x00000000e3600000, 0x00000000e3700000|  0%| F|  |TAMS 0x00000000e3600000, 0x00000000e3600000| Untracked 
|  55|0x00000000e3700000, 0x00000000e3700000, 0x00000000e3800000|  0%| F|  |TAMS 0x00000000e3700000, 0x00000000e3700000| Untracked 
|  56|0x00000000e3800000, 0x00000000e3800000, 0x00000000e3900000|  0%| F|  |TAMS 0x00000000e3800000, 0x00000000e3800000| Untracked 
|  57|0x00000000e3900000, 0x00000000e3900000, 0x00000000e3a00000|  0%| F|  |TAMS 0x00000000e3900000, 0x00000000e3900000| Untracked 
|  58|0x00000000e3a00000, 0x00000000e3a00000, 0x00000000e3b00000|  0%| F|  |TAMS 0x00000000e3a00000, 0x00000000e3a00000| Untracked 
|  59|0x00000000e3b00000, 0x00000000e3b00000, 0x00000000e3c00000|  0%| F|  |TAMS 0x00000000e3b00000, 0x00000000e3b00000| Untracked 
|  60|0x00000000e3c00000, 0x00000000e3c00000, 0x00000000e3d00000|  0%| F|  |TAMS 0x00000000e3c00000, 0x00000000e3c00000| Untracked 
|  61|0x00000000e3d00000, 0x00000000e3d00000, 0x00000000e3e00000|  0%| F|  |TAMS 0x00000000e3d00000, 0x00000000e3d00000| Untracked 
|  62|0x00000000e3e00000, 0x00000000e3e00000, 0x00000000e3f00000|  0%| F|  |TAMS 0x00000000e3e00000, 0x00000000e3e00000| Untracked 
|  63|0x00000000e3f00000, 0x00000000e3f00000, 0x00000000e4000000|  0%| F|  |TAMS 0x00000000e3f00000, 0x00000000e3f00000| Untracked 
|  64|0x00000000e4000000, 0x00000000e4000000, 0x00000000e4100000|  0%| F|  |TAMS 0x00000000e4000000, 0x00000000e4000000| Untracked 
|  65|0x00000000e4100000, 0x00000000e4100000, 0x00000000e4200000|  0%| F|  |TAMS 0x00000000e4100000, 0x00000000e4100000| Untracked 
|  66|0x00000000e4200000, 0x00000000e4200000, 0x00000000e4300000|  0%| F|  |TAMS 0x00000000e4200000, 0x00000000e4200000| Untracked 
|  67|0x00000000e4300000, 0x00000000e4300000, 0x00000000e4400000|  0%| F|  |TAMS 0x00000000e4300000, 0x00000000e4300000| Untracked 
|  68|0x00000000e4400000, 0x00000000e4400000, 0x00000000e4500000|  0%| F|  |TAMS 0x00000000e4400000, 0x00000000e4400000| Untracked 
|  69|0x00000000e4500000, 0x00000000e4500000, 0x00000000e4600000|  0%| F|  |TAMS 0x00000000e4500000, 0x00000000e4500000| Untracked 
|  70|0x00000000e4600000, 0x00000000e4600000, 0x00000000e4700000|  0%| F|  |TAMS 0x00000000e4600000, 0x00000000e4600000| Untracked 
|  71|0x00000000e4700000, 0x00000000e4700000, 0x00000000e4800000|  0%| F|  |TAMS 0x00000000e4700000, 0x00000000e4700000| Untracked 
|  72|0x00000000e4800000, 0x00000000e4800000, 0x00000000e4900000|  0%| F|  |TAMS 0x00000000e4800000, 0x00000000e4800000| Untracked 
|  73|0x00000000e4900000, 0x00000000e4900000, 0x00000000e4a00000|  0%| F|  |TAMS 0x00000000e4900000, 0x00000000e4900000| Untracked 
|  74|0x00000000e4a00000, 0x00000000e4a00000, 0x00000000e4b00000|  0%| F|  |TAMS 0x00000000e4a00000, 0x00000000e4a00000| Untracked 
|  75|0x00000000e4b00000, 0x00000000e4b00000, 0x00000000e4c00000|  0%| F|  |TAMS 0x00000000e4b00000, 0x00000000e4b00000| Untracked 
|  76|0x00000000e4c00000, 0x00000000e4c00000, 0x00000000e4d00000|  0%| F|  |TAMS 0x00000000e4c00000, 0x00000000e4c00000| Untracked 
|  77|0x00000000e4d00000, 0x00000000e4d00000, 0x00000000e4e00000|  0%| F|  |TAMS 0x00000000e4d00000, 0x00000000e4d00000| Untracked 
|  78|0x00000000e4e00000, 0x00000000e4e00000, 0x00000000e4f00000|  0%| F|  |TAMS 0x00000000e4e00000, 0x00000000e4e00000| Untracked 
|  79|0x00000000e4f00000, 0x00000000e4f00000, 0x00000000e5000000|  0%| F|  |TAMS 0x00000000e4f00000, 0x00000000e4f00000| Untracked 
|  80|0x00000000e5000000, 0x00000000e5000000, 0x00000000e5100000|  0%| F|  |TAMS 0x00000000e5000000, 0x00000000e5000000| Untracked 
|  81|0x00000000e5100000, 0x00000000e5100000, 0x00000000e5200000|  0%| F|  |TAMS 0x00000000e5100000, 0x00000000e5100000| Untracked 
|  82|0x00000000e5200000, 0x00000000e5200000, 0x00000000e5300000|  0%| F|  |TAMS 0x00000000e5200000, 0x00000000e5200000| Untracked 
|  83|0x00000000e5300000, 0x00000000e5300000, 0x00000000e5400000|  0%| F|  |TAMS 0x00000000e5300000, 0x00000000e5300000| Untracked 
|  84|0x00000000e5400000, 0x00000000e5400000, 0x00000000e5500000|  0%| F|  |TAMS 0x00000000e5400000, 0x00000000e5400000| Untracked 
|  85|0x00000000e5500000, 0x00000000e5500000, 0x00000000e5600000|  0%| F|  |TAMS 0x00000000e5500000, 0x00000000e5500000| Untracked 
|  86|0x00000000e5600000, 0x00000000e5600000, 0x00000000e5700000|  0%| F|  |TAMS 0x00000000e5600000, 0x00000000e5600000| Untracked 
|  87|0x00000000e5700000, 0x00000000e5700000, 0x00000000e5800000|  0%| F|  |TAMS 0x00000000e5700000, 0x00000000e5700000| Untracked 
|  88|0x00000000e5800000, 0x00000000e5800000, 0x00000000e5900000|  0%| F|  |TAMS 0x00000000e5800000, 0x00000000e5800000| Untracked 
|  89|0x00000000e5900000, 0x00000000e5900000, 0x00000000e5a00000|  0%| F|  |TAMS 0x00000000e5900000, 0x00000000e5900000| Untracked 
|  90|0x00000000e5a00000, 0x00000000e5a00000, 0x00000000e5b00000|  0%| F|  |TAMS 0x00000000e5a00000, 0x00000000e5a00000| Untracked 
|  91|0x00000000e5b00000, 0x00000000e5b00000, 0x00000000e5c00000|  0%| F|  |TAMS 0x00000000e5b00000, 0x00000000e5b00000| Untracked 
|  92|0x00000000e5c00000, 0x00000000e5c00000, 0x00000000e5d00000|  0%| F|  |TAMS 0x00000000e5c00000, 0x00000000e5c00000| Untracked 
|  93|0x00000000e5d00000, 0x00000000e5d00000, 0x00000000e5e00000|  0%| F|  |TAMS 0x00000000e5d00000, 0x00000000e5d00000| Untracked 
|  94|0x00000000e5e00000, 0x00000000e5e00000, 0x00000000e5f00000|  0%| F|  |TAMS 0x00000000e5e00000, 0x00000000e5e00000| Untracked 
|  95|0x00000000e5f00000, 0x00000000e5f00000, 0x00000000e6000000|  0%| F|  |TAMS 0x00000000e5f00000, 0x00000000e5f00000| Untracked 
|  96|0x00000000e6000000, 0x00000000e6000000, 0x00000000e6100000|  0%| F|  |TAMS 0x00000000e6000000, 0x00000000e6000000| Untracked 
|  97|0x00000000e6100000, 0x00000000e6100000, 0x00000000e6200000|  0%| F|  |TAMS 0x00000000e6100000, 0x00000000e6100000| Untracked 
|  98|0x00000000e6200000, 0x00000000e6200000, 0x00000000e6300000|  0%| F|  |TAMS 0x00000000e6200000, 0x00000000e6200000| Untracked 
|  99|0x00000000e6300000, 0x00000000e6300000, 0x00000000e6400000|  0%| F|  |TAMS 0x00000000e6300000, 0x00000000e6300000| Untracked 
| 100|0x00000000e6400000, 0x00000000e6400000, 0x00000000e6500000|  0%| F|  |TAMS 0x00000000e6400000, 0x00000000e6400000| Untracked 
| 101|0x00000000e6500000, 0x00000000e6500000, 0x00000000e6600000|  0%| F|  |TAMS 0x00000000e6500000, 0x00000000e6500000| Untracked 
| 102|0x00000000e6600000, 0x00000000e6600000, 0x00000000e6700000|  0%| F|  |TAMS 0x00000000e6600000, 0x00000000e6600000| Untracked 
| 103|0x00000000e6700000, 0x00000000e6700000, 0x00000000e6800000|  0%| F|  |TAMS 0x00000000e6700000, 0x00000000e6700000| Untracked 
| 104|0x00000000e6800000, 0x00000000e6800000, 0x00000000e6900000|  0%| F|  |TAMS 0x00000000e6800000, 0x00000000e6800000| Untracked 
| 105|0x00000000e6900000, 0x00000000e6900000, 0x00000000e6a00000|  0%| F|  |TAMS 0x00000000e6900000, 0x00000000e6900000| Untracked 
| 106|0x00000000e6a00000, 0x00000000e6a00000, 0x00000000e6b00000|  0%| F|  |TAMS 0x00000000e6a00000, 0x00000000e6a00000| Untracked 
| 107|0x00000000e6b00000, 0x00000000e6b00000, 0x00000000e6c00000|  0%| F|  |TAMS 0x00000000e6b00000, 0x00000000e6b00000| Untracked 
| 108|0x00000000e6c00000, 0x00000000e6c00000, 0x00000000e6d00000|  0%| F|  |TAMS 0x00000000e6c00000, 0x00000000e6c00000| Untracked 
| 109|0x00000000e6d00000, 0x00000000e6d00000, 0x00000000e6e00000|  0%| F|  |TAMS 0x00000000e6d00000, 0x00000000e6d00000| Untracked 
| 110|0x00000000e6e00000, 0x00000000e6e00000, 0x00000000e6f00000|  0%| F|  |TAMS 0x00000000e6e00000, 0x00000000e6e00000| Untracked 
| 111|0x00000000e6f00000, 0x00000000e6f00000, 0x00000000e7000000|  0%| F|  |TAMS 0x00000000e6f00000, 0x00000000e6f00000| Untracked 
| 112|0x00000000e7000000, 0x00000000e7000000, 0x00000000e7100000|  0%| F|  |TAMS 0x00000000e7000000, 0x00000000e7000000| Untracked 
| 113|0x00000000e7100000, 0x00000000e7100000, 0x00000000e7200000|  0%| F|  |TAMS 0x00000000e7100000, 0x00000000e7100000| Untracked 
| 114|0x00000000e7200000, 0x00000000e7200000, 0x00000000e7300000|  0%| F|  |TAMS 0x00000000e7200000, 0x00000000e7200000| Untracked 
| 115|0x00000000e7300000, 0x00000000e7300000, 0x00000000e7400000|  0%| F|  |TAMS 0x00000000e7300000, 0x00000000e7300000| Untracked 
| 116|0x00000000e7400000, 0x00000000e7400000, 0x00000000e7500000|  0%| F|  |TAMS 0x00000000e7400000, 0x00000000e7400000| Untracked 
| 117|0x00000000e7500000, 0x00000000e7500000, 0x00000000e7600000|  0%| F|  |TAMS 0x00000000e7500000, 0x00000000e7500000| Untracked 
| 118|0x00000000e7600000, 0x00000000e7600000, 0x00000000e7700000|  0%| F|  |TAMS 0x00000000e7600000, 0x00000000e7600000| Untracked 
| 119|0x00000000e7700000, 0x00000000e7700000, 0x00000000e7800000|  0%| F|  |TAMS 0x00000000e7700000, 0x00000000e7700000| Untracked 
| 120|0x00000000e7800000, 0x00000000e7800000, 0x00000000e7900000|  0%| F|  |TAMS 0x00000000e7800000, 0x00000000e7800000| Untracked 
| 121|0x00000000e7900000, 0x00000000e7900000, 0x00000000e7a00000|  0%| F|  |TAMS 0x00000000e7900000, 0x00000000e7900000| Untracked 
| 122|0x00000000e7a00000, 0x00000000e7a00000, 0x00000000e7b00000|  0%| F|  |TAMS 0x00000000e7a00000, 0x00000000e7a00000| Untracked 
| 123|0x00000000e7b00000, 0x00000000e7b00000, 0x00000000e7c00000|  0%| F|  |TAMS 0x00000000e7b00000, 0x00000000e7b00000| Untracked 
| 124|0x00000000e7c00000, 0x00000000e7c00000, 0x00000000e7d00000|  0%| F|  |TAMS 0x00000000e7c00000, 0x00000000e7c00000| Untracked 
| 125|0x00000000e7d00000, 0x00000000e7d00000, 0x00000000e7e00000|  0%| F|  |TAMS 0x00000000e7d00000, 0x00000000e7d00000| Untracked 
| 126|0x00000000e7e00000, 0x00000000e7e00000, 0x00000000e7f00000|  0%| F|  |TAMS 0x00000000e7e00000, 0x00000000e7e00000| Untracked 
| 127|0x00000000e7f00000, 0x00000000e7f00000, 0x00000000e8000000|  0%| F|  |TAMS 0x00000000e7f00000, 0x00000000e7f00000| Untracked 
| 128|0x00000000e8000000, 0x00000000e8000000, 0x00000000e8100000|  0%| F|  |TAMS 0x00000000e8000000, 0x00000000e8000000| Untracked 
| 129|0x00000000e8100000, 0x00000000e8100000, 0x00000000e8200000|  0%| F|  |TAMS 0x00000000e8100000, 0x00000000e8100000| Untracked 
| 130|0x00000000e8200000, 0x00000000e8200000, 0x00000000e8300000|  0%| F|  |TAMS 0x00000000e8200000, 0x00000000e8200000| Untracked 
| 131|0x00000000e8300000, 0x00000000e8300000, 0x00000000e8400000|  0%| F|  |TAMS 0x00000000e8300000, 0x00000000e8300000| Untracked 
| 132|0x00000000e8400000, 0x00000000e8400000, 0x00000000e8500000|  0%| F|  |TAMS 0x00000000e8400000, 0x00000000e8400000| Untracked 
| 133|0x00000000e8500000, 0x00000000e8500000, 0x00000000e8600000|  0%| F|  |TAMS 0x00000000e8500000, 0x00000000e8500000| Untracked 
| 134|0x00000000e8600000, 0x00000000e8600000, 0x00000000e8700000|  0%| F|  |TAMS 0x00000000e8600000, 0x00000000e8600000| Untracked 
| 135|0x00000000e8700000, 0x00000000e8700000, 0x00000000e8800000|  0%| F|  |TAMS 0x00000000e8700000, 0x00000000e8700000| Untracked 
| 136|0x00000000e8800000, 0x00000000e8800000, 0x00000000e8900000|  0%| F|  |TAMS 0x00000000e8800000, 0x00000000e8800000| Untracked 
| 137|0x00000000e8900000, 0x00000000e8900000, 0x00000000e8a00000|  0%| F|  |TAMS 0x00000000e8900000, 0x00000000e8900000| Untracked 
| 138|0x00000000e8a00000, 0x00000000e8a00000, 0x00000000e8b00000|  0%| F|  |TAMS 0x00000000e8a00000, 0x00000000e8a00000| Untracked 
| 139|0x00000000e8b00000, 0x00000000e8b00000, 0x00000000e8c00000|  0%| F|  |TAMS 0x00000000e8b00000, 0x00000000e8b00000| Untracked 
| 140|0x00000000e8c00000, 0x00000000e8c00000, 0x00000000e8d00000|  0%| F|  |TAMS 0x00000000e8c00000, 0x00000000e8c00000| Untracked 
| 141|0x00000000e8d00000, 0x00000000e8d00000, 0x00000000e8e00000|  0%| F|  |TAMS 0x00000000e8d00000, 0x00000000e8d00000| Untracked 
| 142|0x00000000e8e00000, 0x00000000e8e00000, 0x00000000e8f00000|  0%| F|  |TAMS 0x00000000e8e00000, 0x00000000e8e00000| Untracked 
| 143|0x00000000e8f00000, 0x00000000e8fd3050, 0x00000000e9000000| 82%| S|CS|TAMS 0x00000000e8f00000, 0x00000000e8f00000| Complete 
| 144|0x00000000e9000000, 0x00000000e9100000, 0x00000000e9100000|100%| S|CS|TAMS 0x00000000e9000000, 0x00000000e9000000| Complete 
| 145|0x00000000e9100000, 0x00000000e9200000, 0x00000000e9200000|100%| S|CS|TAMS 0x00000000e9100000, 0x00000000e9100000| Complete 
| 146|0x00000000e9200000, 0x00000000e9300000, 0x00000000e9300000|100%| S|CS|TAMS 0x00000000e9200000, 0x00000000e9200000| Complete 
| 147|0x00000000e9300000, 0x00000000e9400000, 0x00000000e9400000|100%| S|CS|TAMS 0x00000000e9300000, 0x00000000e9300000| Complete 
| 148|0x00000000e9400000, 0x00000000e9500000, 0x00000000e9500000|100%| S|CS|TAMS 0x00000000e9400000, 0x00000000e9400000| Complete 
| 149|0x00000000e9500000, 0x00000000e9600000, 0x00000000e9600000|100%| S|CS|TAMS 0x00000000e9500000, 0x00000000e9500000| Complete 
| 150|0x00000000e9600000, 0x00000000e9700000, 0x00000000e9700000|100%| S|CS|TAMS 0x00000000e9600000, 0x00000000e9600000| Complete 
| 151|0x00000000e9700000, 0x00000000e9800000, 0x00000000e9800000|100%| S|CS|TAMS 0x00000000e9700000, 0x00000000e9700000| Complete 
| 152|0x00000000e9800000, 0x00000000e9900000, 0x00000000e9900000|100%| S|CS|TAMS 0x00000000e9800000, 0x00000000e9800000| Complete 
| 153|0x00000000e9900000, 0x00000000e9a00000, 0x00000000e9a00000|100%| S|CS|TAMS 0x00000000e9900000, 0x00000000e9900000| Complete 
| 154|0x00000000e9a00000, 0x00000000e9a00000, 0x00000000e9b00000|  0%| F|  |TAMS 0x00000000e9a00000, 0x00000000e9a00000| Untracked 
| 155|0x00000000e9b00000, 0x00000000e9b00000, 0x00000000e9c00000|  0%| F|  |TAMS 0x00000000e9b00000, 0x00000000e9b00000| Untracked 
| 156|0x00000000e9c00000, 0x00000000e9c00000, 0x00000000e9d00000|  0%| F|  |TAMS 0x00000000e9c00000, 0x00000000e9c00000| Untracked 
| 157|0x00000000e9d00000, 0x00000000e9d00000, 0x00000000e9e00000|  0%| F|  |TAMS 0x00000000e9d00000, 0x00000000e9d00000| Untracked 
| 158|0x00000000e9e00000, 0x00000000e9e00000, 0x00000000e9f00000|  0%| F|  |TAMS 0x00000000e9e00000, 0x00000000e9e00000| Untracked 
| 159|0x00000000e9f00000, 0x00000000e9f00000, 0x00000000ea000000|  0%| F|  |TAMS 0x00000000e9f00000, 0x00000000e9f00000| Untracked 
| 160|0x00000000ea000000, 0x00000000ea000000, 0x00000000ea100000|  0%| F|  |TAMS 0x00000000ea000000, 0x00000000ea000000| Untracked 
| 161|0x00000000ea100000, 0x00000000ea100000, 0x00000000ea200000|  0%| F|  |TAMS 0x00000000ea100000, 0x00000000ea100000| Untracked 
| 162|0x00000000ea200000, 0x00000000ea200000, 0x00000000ea300000|  0%| F|  |TAMS 0x00000000ea200000, 0x00000000ea200000| Untracked 
| 163|0x00000000ea300000, 0x00000000ea300000, 0x00000000ea400000|  0%| F|  |TAMS 0x00000000ea300000, 0x00000000ea300000| Untracked 
| 164|0x00000000ea400000, 0x00000000ea400000, 0x00000000ea500000|  0%| F|  |TAMS 0x00000000ea400000, 0x00000000ea400000| Untracked 
| 165|0x00000000ea500000, 0x00000000ea500000, 0x00000000ea600000|  0%| F|  |TAMS 0x00000000ea500000, 0x00000000ea500000| Untracked 
| 166|0x00000000ea600000, 0x00000000ea600000, 0x00000000ea700000|  0%| F|  |TAMS 0x00000000ea600000, 0x00000000ea600000| Untracked 
| 167|0x00000000ea700000, 0x00000000ea700000, 0x00000000ea800000|  0%| F|  |TAMS 0x00000000ea700000, 0x00000000ea700000| Untracked 
| 168|0x00000000ea800000, 0x00000000ea800000, 0x00000000ea900000|  0%| F|  |TAMS 0x00000000ea800000, 0x00000000ea800000| Untracked 
| 169|0x00000000ea900000, 0x00000000ea900000, 0x00000000eaa00000|  0%| F|  |TAMS 0x00000000ea900000, 0x00000000ea900000| Untracked 
| 170|0x00000000eaa00000, 0x00000000eaa00000, 0x00000000eab00000|  0%| F|  |TAMS 0x00000000eaa00000, 0x00000000eaa00000| Untracked 
| 171|0x00000000eab00000, 0x00000000eab00000, 0x00000000eac00000|  0%| F|  |TAMS 0x00000000eab00000, 0x00000000eab00000| Untracked 
| 172|0x00000000eac00000, 0x00000000eac00000, 0x00000000ead00000|  0%| F|  |TAMS 0x00000000eac00000, 0x00000000eac00000| Untracked 
| 173|0x00000000ead00000, 0x00000000ead00000, 0x00000000eae00000|  0%| F|  |TAMS 0x00000000ead00000, 0x00000000ead00000| Untracked 
| 174|0x00000000eae00000, 0x00000000eae00000, 0x00000000eaf00000|  0%| F|  |TAMS 0x00000000eae00000, 0x00000000eae00000| Untracked 
| 175|0x00000000eaf00000, 0x00000000eaf00000, 0x00000000eb000000|  0%| F|  |TAMS 0x00000000eaf00000, 0x00000000eaf00000| Untracked 
| 176|0x00000000eb000000, 0x00000000eb000000, 0x00000000eb100000|  0%| F|  |TAMS 0x00000000eb000000, 0x00000000eb000000| Untracked 
| 177|0x00000000eb100000, 0x00000000eb100000, 0x00000000eb200000|  0%| F|  |TAMS 0x00000000eb100000, 0x00000000eb100000| Untracked 
| 178|0x00000000eb200000, 0x00000000eb200000, 0x00000000eb300000|  0%| F|  |TAMS 0x00000000eb200000, 0x00000000eb200000| Untracked 
| 179|0x00000000eb300000, 0x00000000eb300000, 0x00000000eb400000|  0%| F|  |TAMS 0x00000000eb300000, 0x00000000eb300000| Untracked 
| 180|0x00000000eb400000, 0x00000000eb400000, 0x00000000eb500000|  0%| F|  |TAMS 0x00000000eb400000, 0x00000000eb400000| Untracked 
| 181|0x00000000eb500000, 0x00000000eb500000, 0x00000000eb600000|  0%| F|  |TAMS 0x00000000eb500000, 0x00000000eb500000| Untracked 
| 182|0x00000000eb600000, 0x00000000eb600000, 0x00000000eb700000|  0%| F|  |TAMS 0x00000000eb600000, 0x00000000eb600000| Untracked 
| 183|0x00000000eb700000, 0x00000000eb700000, 0x00000000eb800000|  0%| F|  |TAMS 0x00000000eb700000, 0x00000000eb700000| Untracked 
| 184|0x00000000eb800000, 0x00000000eb800000, 0x00000000eb900000|  0%| F|  |TAMS 0x00000000eb800000, 0x00000000eb800000| Untracked 
| 185|0x00000000eb900000, 0x00000000eb900000, 0x00000000eba00000|  0%| F|  |TAMS 0x00000000eb900000, 0x00000000eb900000| Untracked 
| 186|0x00000000eba00000, 0x00000000eba00000, 0x00000000ebb00000|  0%| F|  |TAMS 0x00000000eba00000, 0x00000000eba00000| Untracked 
| 187|0x00000000ebb00000, 0x00000000ebb00000, 0x00000000ebc00000|  0%| F|  |TAMS 0x00000000ebb00000, 0x00000000ebb00000| Untracked 
| 188|0x00000000ebc00000, 0x00000000ebc00000, 0x00000000ebd00000|  0%| F|  |TAMS 0x00000000ebc00000, 0x00000000ebc00000| Untracked 
| 189|0x00000000ebd00000, 0x00000000ebd00000, 0x00000000ebe00000|  0%| F|  |TAMS 0x00000000ebd00000, 0x00000000ebd00000| Untracked 
| 190|0x00000000ebe00000, 0x00000000ebe00000, 0x00000000ebf00000|  0%| F|  |TAMS 0x00000000ebe00000, 0x00000000ebe00000| Untracked 
| 191|0x00000000ebf00000, 0x00000000ebf00000, 0x00000000ec000000|  0%| F|  |TAMS 0x00000000ebf00000, 0x00000000ebf00000| Untracked 
| 192|0x00000000ec000000, 0x00000000ec000000, 0x00000000ec100000|  0%| F|  |TAMS 0x00000000ec000000, 0x00000000ec000000| Untracked 
| 193|0x00000000ec100000, 0x00000000ec100000, 0x00000000ec200000|  0%| F|  |TAMS 0x00000000ec100000, 0x00000000ec100000| Untracked 
| 194|0x00000000ec200000, 0x00000000ec200000, 0x00000000ec300000|  0%| F|  |TAMS 0x00000000ec200000, 0x00000000ec200000| Untracked 
| 195|0x00000000ec300000, 0x00000000ec300000, 0x00000000ec400000|  0%| F|  |TAMS 0x00000000ec300000, 0x00000000ec300000| Untracked 
| 196|0x00000000ec400000, 0x00000000ec400000, 0x00000000ec500000|  0%| F|  |TAMS 0x00000000ec400000, 0x00000000ec400000| Untracked 
| 197|0x00000000ec500000, 0x00000000ec500000, 0x00000000ec600000|  0%| F|  |TAMS 0x00000000ec500000, 0x00000000ec500000| Untracked 
| 198|0x00000000ec600000, 0x00000000ec600000, 0x00000000ec700000|  0%| F|  |TAMS 0x00000000ec600000, 0x00000000ec600000| Untracked 
| 199|0x00000000ec700000, 0x00000000ec700000, 0x00000000ec800000|  0%| F|  |TAMS 0x00000000ec700000, 0x00000000ec700000| Untracked 
| 200|0x00000000ec800000, 0x00000000ec800000, 0x00000000ec900000|  0%| F|  |TAMS 0x00000000ec800000, 0x00000000ec800000| Untracked 
| 201|0x00000000ec900000, 0x00000000ec900000, 0x00000000eca00000|  0%| F|  |TAMS 0x00000000ec900000, 0x00000000ec900000| Untracked 
| 202|0x00000000eca00000, 0x00000000eca00000, 0x00000000ecb00000|  0%| F|  |TAMS 0x00000000eca00000, 0x00000000eca00000| Untracked 
| 203|0x00000000ecb00000, 0x00000000ecc00000, 0x00000000ecc00000|100%| E|  |TAMS 0x00000000ecb00000, 0x00000000ecb00000| Complete 
| 204|0x00000000ecc00000, 0x00000000ecd00000, 0x00000000ecd00000|100%| E|CS|TAMS 0x00000000ecc00000, 0x00000000ecc00000| Complete 
| 205|0x00000000ecd00000, 0x00000000ece00000, 0x00000000ece00000|100%| E|CS|TAMS 0x00000000ecd00000, 0x00000000ecd00000| Complete 
| 206|0x00000000ece00000, 0x00000000ecf00000, 0x00000000ecf00000|100%| E|CS|TAMS 0x00000000ece00000, 0x00000000ece00000| Complete 
| 207|0x00000000ecf00000, 0x00000000ed000000, 0x00000000ed000000|100%| E|CS|TAMS 0x00000000ecf00000, 0x00000000ecf00000| Complete 
| 208|0x00000000ed000000, 0x00000000ed100000, 0x00000000ed100000|100%| E|CS|TAMS 0x00000000ed000000, 0x00000000ed000000| Complete 
| 209|0x00000000ed100000, 0x00000000ed200000, 0x00000000ed200000|100%| E|CS|TAMS 0x00000000ed100000, 0x00000000ed100000| Complete 
| 210|0x00000000ed200000, 0x00000000ed300000, 0x00000000ed300000|100%| E|CS|TAMS 0x00000000ed200000, 0x00000000ed200000| Complete 
| 211|0x00000000ed300000, 0x00000000ed400000, 0x00000000ed400000|100%| E|CS|TAMS 0x00000000ed300000, 0x00000000ed300000| Complete 
| 212|0x00000000ed400000, 0x00000000ed500000, 0x00000000ed500000|100%| E|CS|TAMS 0x00000000ed400000, 0x00000000ed400000| Complete 
| 213|0x00000000ed500000, 0x00000000ed600000, 0x00000000ed600000|100%| E|CS|TAMS 0x00000000ed500000, 0x00000000ed500000| Complete 
| 214|0x00000000ed600000, 0x00000000ed700000, 0x00000000ed700000|100%| E|CS|TAMS 0x00000000ed600000, 0x00000000ed600000| Complete 
| 215|0x00000000ed700000, 0x00000000ed800000, 0x00000000ed800000|100%| E|CS|TAMS 0x00000000ed700000, 0x00000000ed700000| Complete 
| 216|0x00000000ed800000, 0x00000000ed900000, 0x00000000ed900000|100%| E|CS|TAMS 0x00000000ed800000, 0x00000000ed800000| Complete 
| 217|0x00000000ed900000, 0x00000000eda00000, 0x00000000eda00000|100%| E|CS|TAMS 0x00000000ed900000, 0x00000000ed900000| Complete 
| 218|0x00000000eda00000, 0x00000000edb00000, 0x00000000edb00000|100%| E|CS|TAMS 0x00000000eda00000, 0x00000000eda00000| Complete 
| 219|0x00000000edb00000, 0x00000000edc00000, 0x00000000edc00000|100%| E|CS|TAMS 0x00000000edb00000, 0x00000000edb00000| Complete 
| 220|0x00000000edc00000, 0x00000000edd00000, 0x00000000edd00000|100%| E|CS|TAMS 0x00000000edc00000, 0x00000000edc00000| Complete 
| 221|0x00000000edd00000, 0x00000000ede00000, 0x00000000ede00000|100%| E|CS|TAMS 0x00000000edd00000, 0x00000000edd00000| Complete 
| 222|0x00000000ede00000, 0x00000000edf00000, 0x00000000edf00000|100%| E|CS|TAMS 0x00000000ede00000, 0x00000000ede00000| Complete 
| 223|0x00000000edf00000, 0x00000000ee000000, 0x00000000ee000000|100%| E|CS|TAMS 0x00000000edf00000, 0x00000000edf00000| Complete 
| 224|0x00000000ee000000, 0x00000000ee100000, 0x00000000ee100000|100%| E|CS|TAMS 0x00000000ee000000, 0x00000000ee000000| Complete 
| 225|0x00000000ee100000, 0x00000000ee200000, 0x00000000ee200000|100%| E|CS|TAMS 0x00000000ee100000, 0x00000000ee100000| Complete 
| 226|0x00000000ee200000, 0x00000000ee300000, 0x00000000ee300000|100%| E|CS|TAMS 0x00000000ee200000, 0x00000000ee200000| Complete 
| 227|0x00000000ee300000, 0x00000000ee400000, 0x00000000ee400000|100%| E|CS|TAMS 0x00000000ee300000, 0x00000000ee300000| Complete 
| 228|0x00000000ee400000, 0x00000000ee500000, 0x00000000ee500000|100%| E|CS|TAMS 0x00000000ee400000, 0x00000000ee400000| Complete 
| 229|0x00000000ee500000, 0x00000000ee600000, 0x00000000ee600000|100%| E|CS|TAMS 0x00000000ee500000, 0x00000000ee500000| Complete 
| 230|0x00000000ee600000, 0x00000000ee700000, 0x00000000ee700000|100%| E|CS|TAMS 0x00000000ee600000, 0x00000000ee600000| Complete 
| 231|0x00000000ee700000, 0x00000000ee800000, 0x00000000ee800000|100%| E|CS|TAMS 0x00000000ee700000, 0x00000000ee700000| Complete 
| 232|0x00000000ee800000, 0x00000000ee900000, 0x00000000ee900000|100%| E|CS|TAMS 0x00000000ee800000, 0x00000000ee800000| Complete 
| 233|0x00000000ee900000, 0x00000000eea00000, 0x00000000eea00000|100%| E|CS|TAMS 0x00000000ee900000, 0x00000000ee900000| Complete 
| 234|0x00000000eea00000, 0x00000000eeb00000, 0x00000000eeb00000|100%| E|CS|TAMS 0x00000000eea00000, 0x00000000eea00000| Complete 
| 235|0x00000000eeb00000, 0x00000000eec00000, 0x00000000eec00000|100%| E|CS|TAMS 0x00000000eeb00000, 0x00000000eeb00000| Complete 
| 236|0x00000000eec00000, 0x00000000eed00000, 0x00000000eed00000|100%| E|CS|TAMS 0x00000000eec00000, 0x00000000eec00000| Complete 
| 237|0x00000000eed00000, 0x00000000eee00000, 0x00000000eee00000|100%| E|CS|TAMS 0x00000000eed00000, 0x00000000eed00000| Complete 
| 238|0x00000000eee00000, 0x00000000eef00000, 0x00000000eef00000|100%| E|CS|TAMS 0x00000000eee00000, 0x00000000eee00000| Complete 
| 239|0x00000000eef00000, 0x00000000ef000000, 0x00000000ef000000|100%| E|CS|TAMS 0x00000000eef00000, 0x00000000eef00000| Complete 
| 240|0x00000000ef000000, 0x00000000ef100000, 0x00000000ef100000|100%| E|CS|TAMS 0x00000000ef000000, 0x00000000ef000000| Complete 
| 241|0x00000000ef100000, 0x00000000ef200000, 0x00000000ef200000|100%| E|CS|TAMS 0x00000000ef100000, 0x00000000ef100000| Complete 
| 242|0x00000000ef200000, 0x00000000ef300000, 0x00000000ef300000|100%| E|CS|TAMS 0x00000000ef200000, 0x00000000ef200000| Complete 
| 243|0x00000000ef300000, 0x00000000ef400000, 0x00000000ef400000|100%| E|CS|TAMS 0x00000000ef300000, 0x00000000ef300000| Complete 
| 244|0x00000000ef400000, 0x00000000ef500000, 0x00000000ef500000|100%| E|CS|TAMS 0x00000000ef400000, 0x00000000ef400000| Complete 
| 245|0x00000000ef500000, 0x00000000ef600000, 0x00000000ef600000|100%| E|CS|TAMS 0x00000000ef500000, 0x00000000ef500000| Complete 
| 246|0x00000000ef600000, 0x00000000ef700000, 0x00000000ef700000|100%| E|CS|TAMS 0x00000000ef600000, 0x00000000ef600000| Complete 
| 247|0x00000000ef700000, 0x00000000ef800000, 0x00000000ef800000|100%| E|CS|TAMS 0x00000000ef700000, 0x00000000ef700000| Complete 
| 248|0x00000000ef800000, 0x00000000ef900000, 0x00000000ef900000|100%| E|CS|TAMS 0x00000000ef800000, 0x00000000ef800000| Complete 
| 249|0x00000000ef900000, 0x00000000efa00000, 0x00000000efa00000|100%| E|CS|TAMS 0x00000000ef900000, 0x00000000ef900000| Complete 
| 250|0x00000000efa00000, 0x00000000efb00000, 0x00000000efb00000|100%| E|CS|TAMS 0x00000000efa00000, 0x00000000efa00000| Complete 
| 251|0x00000000efb00000, 0x00000000efc00000, 0x00000000efc00000|100%| E|CS|TAMS 0x00000000efb00000, 0x00000000efb00000| Complete 
| 252|0x00000000efc00000, 0x00000000efd00000, 0x00000000efd00000|100%| E|CS|TAMS 0x00000000efc00000, 0x00000000efc00000| Complete 
| 253|0x00000000efd00000, 0x00000000efe00000, 0x00000000efe00000|100%| E|CS|TAMS 0x00000000efd00000, 0x00000000efd00000| Complete 
| 254|0x00000000efe00000, 0x00000000eff00000, 0x00000000eff00000|100%| E|CS|TAMS 0x00000000efe00000, 0x00000000efe00000| Complete 
| 255|0x00000000eff00000, 0x00000000f0000000, 0x00000000f0000000|100%| E|CS|TAMS 0x00000000eff00000, 0x00000000eff00000| Complete 

Card table byte_map: [0x0000025eb8800000,0x0000025eb8900000] _byte_map_base: 0x0000025eb8100000

Marking Bits (Prev, Next): (CMBitMap*) 0x0000025ea0c780a8, (CMBitMap*) 0x0000025ea0c780e0
 Prev Bits: [0x0000025eb8a00000, 0x0000025eb9200000)
 Next Bits: [0x0000025eb9200000, 0x0000025eb9a00000)

Polling page: 0x0000025ea0430000

Metaspace:

Usage:
  Non-class:     38.15 MB capacity,    37.52 MB ( 98%) used,   569.82 KB (  1%) free+waste,    67.44 KB ( <1%) overhead. 
      Class:      5.89 MB capacity,     5.60 MB ( 95%) used,   269.13 KB (  4%) free+waste,    30.75 KB ( <1%) overhead. 
       Both:     44.04 MB capacity,    43.13 MB ( 98%) used,   838.95 KB (  2%) free+waste,    98.19 KB ( <1%) overhead. 

Virtual space:
  Non-class space:       40.00 MB reserved,      38.25 MB ( 96%) committed 
      Class space:      248.00 MB reserved,       6.00 MB (  2%) committed 
             Both:      288.00 MB reserved,      44.25 MB ( 15%) committed 

Chunk freelists:
   Non-Class:  42.00 KB
       Class:  12.00 KB
        Both:  54.00 KB

MaxMetaspaceSize: 256.00 MB
CompressedClassSpaceSize: 248.00 MB
Initial GC threshold: 20.80 MB
Current GC threshold: 58.88 MB
CDS: off

CodeHeap 'non-profiled nmethods': size=120000Kb used=1403Kb max_used=1403Kb free=118596Kb
 bounds [0x0000025eb0ea0000, 0x0000025eb1110000, 0x0000025eb83d0000]
CodeHeap 'profiled nmethods': size=120000Kb used=7845Kb max_used=7845Kb free=112154Kb
 bounds [0x0000025ea9970000, 0x0000025eaa120000, 0x0000025eb0ea0000]
CodeHeap 'non-nmethods': size=5760Kb used=2265Kb max_used=2314Kb free=3494Kb
 bounds [0x0000025ea93d0000, 0x0000025ea9640000, 0x0000025ea9970000]
 total_blobs=4283 nmethods=3526 adapters=668
 compilation: enabled
              stopped_count=0, restarted_count=0
 full_count=0

Compilation events (20 events):
Event: 11.588 Thread 0x0000025ebc480000 3531       2       com.google.common.collect.MapMakerInternalMap$WeakValueReferenceImpl::<init> (12 bytes)
Event: 11.589 Thread 0x0000025ebc480000 nmethod 3531 0x0000025eaa103010 code [0x0000025eaa1031c0, 0x0000025eaa1033f8]
Event: 11.595 Thread 0x0000025ebc480000 3533       2       jdk.internal.misc.Unsafe::toUnsignedInt (6 bytes)
Event: 11.595 Thread 0x0000025ebc480000 nmethod 3533 0x0000025eaa103490 code [0x0000025eaa103640, 0x0000025eaa103718]
Event: 11.596 Thread 0x0000025ebc480000 3534       2       org.gradle.internal.instantiation.AbstractClassGenerator$ClassGenerationHandler::hasFields (1 bytes)
Event: 11.596 Thread 0x0000025ebc480000 nmethod 3534 0x0000025eaa103790 code [0x0000025eaa103940, 0x0000025eaa103a38]
Event: 11.596 Thread 0x0000025ebc480000 3535       2       com.google.common.collect.LinkedHashMultimap$ValueSet::iterator (9 bytes)
Event: 11.597 Thread 0x0000025ebc480000 nmethod 3535 0x0000025eaa103b10 code [0x0000025eaa103cc0, 0x0000025eaa103ed8]
Event: 11.597 Thread 0x0000025ebc480000 3537       2       org.gradle.internal.instantiation.AbstractClassGenerator$DslMixInPropertyType::findClosureOverload (111 bytes)
Event: 11.602 Thread 0x0000025ebc480000 nmethod 3537 0x0000025eaa103f90 code [0x0000025eaa1041e0, 0x0000025eaa1047b8]
Event: 11.602 Thread 0x0000025ebc480000 3536       2       com.google.common.collect.LinkedHashMultimap$ValueSet$1::<init> (32 bytes)
Event: 11.602 Thread 0x0000025ebc480000 nmethod 3536 0x0000025eaa104c10 code [0x0000025eaa104dc0, 0x0000025eaa104f78]
Event: 11.602 Thread 0x0000025ebc480000 3538       2       com.google.common.collect.Iterators$5::computeNext (45 bytes)
Event: 11.602 Thread 0x0000025ebc480000 nmethod 3538 0x0000025eaa105090 code [0x0000025eaa105280, 0x0000025eaa105508]
Event: 11.602 Thread 0x0000025ebc480000 3539       2       java.util.Arrays::sort (37 bytes)
Event: 11.603 Thread 0x0000025ebc480000 nmethod 3539 0x0000025eaa105610 code [0x0000025eaa1057e0, 0x0000025eaa105978]
Event: 11.604 Thread 0x0000025ebc480000 3540   !   2       com.sun.beans.introspect.MethodInfo::get (143 bytes)
Event: 11.606 Thread 0x0000025ebc480000 nmethod 3540 0x0000025eaa105a90 code [0x0000025eaa105d20, 0x0000025eaa1066c8]
Event: 11.606 Thread 0x0000025ebc480000 3541       1       org.codehaus.groovy.runtime.metaclass.MultipleSetterProperty::setField (6 bytes)
Event: 11.606 Thread 0x0000025ebc480000 nmethod 3541 0x0000025eb0ffcd10 code [0x0000025eb0ffcec0, 0x0000025eb0ffcfb8]

GC Heap History (10 events):
Event: 1.692 GC heap before
{Heap before GC invocations=0 (full 0):
 garbage-first heap   total 262144K, used 29696K [0x00000000e0000000, 0x0000000100000000)
  region size 1024K, 24 young (24576K), 0 survivors (0K)
 Metaspace       used 10377K, capacity 10586K, committed 10624K, reserved 264192K
  class space    used 1066K, capacity 1124K, committed 1152K, reserved 253952K
}
Event: 1.700 GC heap after
{Heap after GC invocations=1 (full 0):
 garbage-first heap   total 262144K, used 7532K [0x00000000e0000000, 0x0000000100000000)
  region size 1024K, 3 young (3072K), 3 survivors (3072K)
 Metaspace       used 10377K, capacity 10586K, committed 10624K, reserved 264192K
  class space    used 1066K, capacity 1124K, committed 1152K, reserved 253952K
}
Event: 6.049 GC heap before
{Heap before GC invocations=1 (full 0):
 garbage-first heap   total 262144K, used 78188K [0x00000000e0000000, 0x0000000100000000)
  region size 1024K, 73 young (74752K), 3 survivors (3072K)
 Metaspace       used 20759K, capacity 21106K, committed 21248K, reserved 272384K
  class space    used 2575K, capacity 2708K, committed 2816K, reserved 253952K
}
Event: 6.066 GC heap after
{Heap after GC invocations=2 (full 0):
 garbage-first heap   total 262144K, used 15025K [0x00000000e0000000, 0x0000000100000000)
  region size 1024K, 11 young (11264K), 11 survivors (11264K)
 Metaspace       used 20759K, capacity 21106K, committed 21248K, reserved 272384K
  class space    used 2575K, capacity 2708K, committed 2816K, reserved 253952K
}
Event: 7.759 GC heap before
{Heap before GC invocations=3 (full 0):
 garbage-first heap   total 262144K, used 65201K [0x00000000e0000000, 0x0000000100000000)
  region size 1024K, 61 young (62464K), 11 survivors (11264K)
 Metaspace       used 30276K, capacity 30766K, committed 30976K, reserved 282624K
  class space    used 3782K, capacity 3987K, committed 4096K, reserved 253952K
}
Event: 7.774 GC heap after
{Heap after GC invocations=4 (full 0):
 garbage-first heap   total 262144K, used 19276K [0x00000000e0000000, 0x0000000100000000)
  region size 1024K, 5 young (5120K), 5 survivors (5120K)
 Metaspace       used 30276K, capacity 30766K, committed 30976K, reserved 282624K
  class space    used 3782K, capacity 3987K, committed 4096K, reserved 253952K
}
Event: 8.903 GC heap before
{Heap before GC invocations=4 (full 0):
 garbage-first heap   total 262144K, used 57164K [0x00000000e0000000, 0x0000000100000000)
  region size 1024K, 41 young (41984K), 5 survivors (5120K)
 Metaspace       used 35140K, capacity 35729K, committed 35840K, reserved 286720K
  class space    used 4287K, capacity 4463K, committed 4480K, reserved 253952K
}
Event: 8.922 GC heap after
{Heap after GC invocations=5 (full 0):
 garbage-first heap   total 262144K, used 21375K [0x00000000e0000000, 0x0000000100000000)
  region size 1024K, 7 young (7168K), 7 survivors (7168K)
 Metaspace       used 35140K, capacity 35729K, committed 35840K, reserved 286720K
  class space    used 4287K, capacity 4463K, committed 4480K, reserved 253952K
}
Event: 11.028 GC heap before
{Heap before GC invocations=6 (full 0):
 garbage-first heap   total 262144K, used 118655K [0x00000000e0000000, 0x0000000100000000)
  region size 1024K, 102 young (104448K), 7 survivors (7168K)
 Metaspace       used 42390K, capacity 43300K, committed 43392K, reserved 292864K
  class space    used 5459K, capacity 5702K, committed 5760K, reserved 253952K
}
Event: 11.044 GC heap after
{Heap after GC invocations=7 (full 0):
 garbage-first heap   total 262144K, used 25804K [0x00000000e0000000, 0x0000000100000000)
  region size 1024K, 11 young (11264K), 11 survivors (11264K)
 Metaspace       used 42390K, capacity 43300K, committed 43392K, reserved 292864K
  class space    used 5459K, capacity 5702K, committed 5760K, reserved 253952K
}

Deoptimization events (20 events):
Event: 9.045 Thread 0x0000025ebe886800 DEOPT PACKING pc=0x0000025eb0f66820 sp=0x000000a5ff1fa8f0
Event: 9.045 Thread 0x0000025ebe886800 DEOPT UNPACKING pc=0x0000025ea941a1af sp=0x000000a5ff1fa898 mode 2
Event: 9.065 Thread 0x0000025ebe886800 Uncommon trap: trap_request=0xffffff4d fr.pc=0x0000025eb0eee718 relative=0x0000000000000a78
Event: 9.066 Thread 0x0000025ebe886800 Uncommon trap: reason=unstable_if action=reinterpret pc=0x0000025eb0eee718 method=java.io.WinNTFileSystem.resolve(Ljava/lang/String;Ljava/lang/String;)Ljava/lang/String; @ 83 c2
Event: 9.066 Thread 0x0000025ebe886800 DEOPT PACKING pc=0x0000025eb0eee718 sp=0x000000a5ff1f9c50
Event: 9.066 Thread 0x0000025ebe886800 DEOPT UNPACKING pc=0x0000025ea941a1af sp=0x000000a5ff1f9bf8 mode 2
Event: 9.658 Thread 0x0000025ebe886800 Uncommon trap: trap_request=0xffffff4d fr.pc=0x0000025eb0ee1d80 relative=0x0000000000000260
Event: 9.658 Thread 0x0000025ebe886800 Uncommon trap: reason=unstable_if action=reinterpret pc=0x0000025eb0ee1d80 method=java.net.URI.match(CJJ)Z @ 45 c2
Event: 9.658 Thread 0x0000025ebe886800 DEOPT PACKING pc=0x0000025eb0ee1d80 sp=0x000000a5ff1f9b80
Event: 9.658 Thread 0x0000025ebe886800 DEOPT UNPACKING pc=0x0000025ea941a1af sp=0x000000a5ff1f9aa8 mode 2
Event: 9.658 Thread 0x0000025ebe886800 Uncommon trap: trap_request=0xffffff4d fr.pc=0x0000025eb0ebb668 relative=0x0000000000000048
Event: 9.658 Thread 0x0000025ebe886800 Uncommon trap: reason=unstable_if action=reinterpret pc=0x0000025eb0ebb668 method=java.net.URI.match(CJJ)Z @ 19 c2
Event: 9.658 Thread 0x0000025ebe886800 DEOPT PACKING pc=0x0000025eb0ebb668 sp=0x000000a5ff1f9b80
Event: 9.658 Thread 0x0000025ebe886800 DEOPT UNPACKING pc=0x0000025ea941a1af sp=0x000000a5ff1f9b30 mode 2
Event: 10.757 Thread 0x0000025ebe886800 DEOPT PACKING pc=0x0000025ea9c8f268 sp=0x000000a5ff1f8e30
Event: 10.757 Thread 0x0000025ebe886800 DEOPT UNPACKING pc=0x0000025ea941a95e sp=0x000000a5ff1f8338 mode 0
Event: 11.152 Thread 0x0000025ebe886800 Uncommon trap: trap_request=0xffffff4d fr.pc=0x0000025eb0fe75e4 relative=0x00000000000051c4
Event: 11.152 Thread 0x0000025ebe886800 Uncommon trap: reason=unstable_if action=reinterpret pc=0x0000025eb0fe75e4 method=org.objectweb.asm.Type.getArgumentsAndReturnSizes(Ljava/lang/String;)I @ 109 c2
Event: 11.152 Thread 0x0000025ebe886800 DEOPT PACKING pc=0x0000025eb0fe75e4 sp=0x000000a5ff1f8f70
Event: 11.152 Thread 0x0000025ebe886800 DEOPT UNPACKING pc=0x0000025ea941a1af sp=0x000000a5ff1f8e18 mode 2

Classes redefined (0 events):
No events

Internal exceptions (20 events):
Event: 11.552 Thread 0x0000025ebe886800 Exception <a 'java/lang/ClassNotFoundException'{0x00000000ed62b130}: com/github/spotbugs/SpotBugsTaskCustomizer> (0x00000000ed62b130) thrown at [./src/hotspot/share/classfile/systemDictionary.cpp, line 230]
Event: 11.556 Thread 0x0000025ebe886800 Exception <a 'java/lang/ClassNotFoundException'{0x00000000ed676af8}: com/github/spotbugs/SpotBugsTask_DecoratedCustomizer> (0x00000000ed676af8) thrown at [./src/hotspot/share/classfile/systemDictionary.cpp, line 230]
Event: 11.572 Thread 0x0000025ebe886800 Exception <a 'java/lang/ClassNotFoundException'{0x00000000ed30d550}: com/github/spotbugs/internal/SpotBugsReportsImpl_DecoratedBeanInfo> (0x00000000ed30d550) thrown at [./src/hotspot/share/classfile/systemDictionary.cpp, line 230]
Event: 11.573 Thread 0x0000025ebe886800 Exception <a 'java/lang/ClassNotFoundException'{0x00000000ed317548}: com/github/spotbugs/internal/SpotBugsReportsImplBeanInfo> (0x00000000ed317548) thrown at [./src/hotspot/share/classfile/systemDictionary.cpp, line 230]
Event: 11.574 Thread 0x0000025ebe886800 Exception <a 'java/lang/ClassNotFoundException'{0x00000000ed321580}: com/github/spotbugs/internal/SpotBugsReportsImplCustomizer> (0x00000000ed321580) thrown at [./src/hotspot/share/classfile/systemDictionary.cpp, line 230]
Event: 11.577 Thread 0x0000025ebe886800 Exception <a 'java/lang/ClassNotFoundException'{0x00000000ed33a368}: com/github/spotbugs/internal/SpotBugsReportsImpl_DecoratedCustomizer> (0x00000000ed33a368) thrown at [./src/hotspot/share/classfile/systemDictionary.cpp, line 230]
Event: 11.582 Thread 0x0000025ebe886800 Exception <a 'java/lang/ClassNotFoundException'{0x00000000ed3c6d68}: com/github/spotbugs/internal/spotbugs/SpotBugsXmlReportImpl_DecoratedBeanInfo> (0x00000000ed3c6d68) thrown at [./src/hotspot/share/classfile/systemDictionary.cpp, line 230]
Event: 11.583 Thread 0x0000025ebe886800 Exception <a 'java/lang/ClassNotFoundException'{0x00000000ed3d0eb0}: com/github/spotbugs/internal/spotbugs/SpotBugsXmlReportImplBeanInfo> (0x00000000ed3d0eb0) thrown at [./src/hotspot/share/classfile/systemDictionary.cpp, line 230]
Event: 11.583 Thread 0x0000025ebe886800 Exception <a 'java/lang/ClassNotFoundException'{0x00000000ed3dafc8}: com/github/spotbugs/internal/spotbugs/SpotBugsXmlReportImplCustomizer> (0x00000000ed3dafc8) thrown at [./src/hotspot/share/classfile/systemDictionary.cpp, line 230]
Event: 11.583 Thread 0x0000025ebe886800 Exception <a 'java/lang/ClassNotFoundException'{0x00000000ed3e9038}: com/github/spotbugs/internal/spotbugs/SpotBugsXmlReportImpl_DecoratedCustomizer> (0x00000000ed3e9038) thrown at [./src/hotspot/share/classfile/systemDictionary.cpp, line 230]
Event: 11.586 Thread 0x0000025ebe886800 Exception <a 'java/lang/ClassNotFoundException'{0x00000000ed23a9b0}: com/github/spotbugs/internal/SpotBugsHtmlReportImpl_DecoratedBeanInfo> (0x00000000ed23a9b0) thrown at [./src/hotspot/share/classfile/systemDictionary.cpp, line 230]
Event: 11.586 Thread 0x0000025ebe886800 Exception <a 'java/lang/ClassNotFoundException'{0x00000000ed244a40}: com/github/spotbugs/internal/SpotBugsHtmlReportImplBeanInfo> (0x00000000ed244a40) thrown at [./src/hotspot/share/classfile/systemDictionary.cpp, line 230]
Event: 11.587 Thread 0x0000025ebe886800 Exception <a 'java/lang/ClassNotFoundException'{0x00000000ed26e240}: org/gradle/api/reporting/internal/CustomizableHtmlReportImplBeanInfo> (0x00000000ed26e240) thrown at [./src/hotspot/share/classfile/systemDictionary.cpp, line 230]
Event: 11.587 Thread 0x0000025ebe886800 Exception <a 'java/lang/ClassNotFoundException'{0x00000000ed297d10}: org/gradle/api/reporting/internal/CustomizableHtmlReportImplCustomizer> (0x00000000ed297d10) thrown at [./src/hotspot/share/classfile/systemDictionary.cpp, line 230]
Event: 11.588 Thread 0x0000025ebe886800 Exception <a 'java/lang/ClassNotFoundException'{0x00000000ed2a6278}: com/github/spotbugs/internal/SpotBugsHtmlReportImplCustomizer> (0x00000000ed2a6278) thrown at [./src/hotspot/share/classfile/systemDictionary.cpp, line 230]
Event: 11.588 Thread 0x0000025ebe886800 Exception <a 'java/lang/ClassNotFoundException'{0x00000000ed2b5968}: com/github/spotbugs/internal/SpotBugsHtmlReportImpl_DecoratedCustomizer> (0x00000000ed2b5968) thrown at [./src/hotspot/share/classfile/systemDictionary.cpp, line 230]
Event: 11.601 Thread 0x0000025ebe886800 Exception <a 'java/lang/ClassNotFoundException'{0x00000000ed1931b0}: org/gradle/api/tasks/GradleBuild_DecoratedBeanInfo> (0x00000000ed1931b0) thrown at [./src/hotspot/share/classfile/systemDictionary.cpp, line 230]
Event: 11.602 Thread 0x0000025ebe886800 Exception <a 'java/lang/ClassNotFoundException'{0x00000000ed1ac530}: org/gradle/api/tasks/GradleBuildBeanInfo> (0x00000000ed1ac530) thrown at [./src/hotspot/share/classfile/systemDictionary.cpp, line 230]
Event: 11.602 Thread 0x0000025ebe886800 Exception <a 'java/lang/ClassNotFoundException'{0x00000000ed1c62f8}: org/gradle/api/tasks/GradleBuildCustomizer> (0x00000000ed1c62f8) thrown at [./src/hotspot/share/classfile/systemDictionary.cpp, line 230]
Event: 11.603 Thread 0x0000025ebe886800 Exception <a 'java/lang/ClassNotFoundException'{0x00000000ed1f5e18}: org/gradle/api/tasks/GradleBuild_DecoratedCustomizer> (0x00000000ed1f5e18) thrown at [./src/hotspot/share/classfile/systemDictionary.cpp, line 230]

Events (20 events):
Event: 11.605 loading class org/gradle/api/tasks/Upload
Event: 11.605 loading class org/gradle/api/tasks/Upload done
Event: 11.607 loading class org/gradle/configuration/project/LifecycleProjectEvaluator$NotifyAfterEvaluate
Event: 11.607 loading class org/gradle/configuration/project/LifecycleProjectEvaluator$NotifyAfterEvaluate done
Event: 11.608 loading class org/gradle/configuration/project/NotifyProjectAfterEvaluatedBuildOperationType$DetailsImpl
Event: 11.608 loading class org/gradle/configuration/project/NotifyProjectAfterEvaluatedBuildOperationType$DetailsImpl done
Event: 11.608 loading class org/gradle/configuration/project/NotifyProjectAfterEvaluatedBuildOperationType$Details
Event: 11.608 loading class org/gradle/configuration/project/NotifyProjectAfterEvaluatedBuildOperationType$Details done
Event: 11.608 loading class org/gradle/configuration/project/LifecycleProjectEvaluator$NotifyAfterEvaluate$1
Event: 11.608 loading class org/gradle/configuration/project/LifecycleProjectEvaluator$NotifyAfterEvaluate$1 done
Event: 11.609 loading class java/util/AbstractList$RandomAccessSubList
Event: 11.609 loading class java/util/AbstractList$RandomAccessSubList done
Event: 11.609 loading class java/util/AbstractList$SubList$1
Event: 11.609 loading class java/util/AbstractList$SubList$1 done
Event: 11.609 loading class java/util/AbstractList$ListItr
Event: 11.610 loading class java/util/AbstractList$ListItr done
Event: 11.610 Executing VM operation: Deoptimize
Event: 11.611 Executing VM operation: Deoptimize done
Event: 11.611 loading class groovy/lang/MetaClassImpl$InvokeMethodResult
Event: 11.611 loading class groovy/lang/MetaClassImpl$InvokeMethodResult done


Dynamic libraries:
0x00007ff7ad5d0000 - 0x00007ff7ad5dd000 	C:\Users\WINDOWS10\.jdks\corretto-11.0.18\bin\java.exe
0x00007ffa8a0f0000 - 0x00007ffa8a2e8000 	C:\WINDOWS\SYSTEM32\ntdll.dll
0x00007ffa89960000 - 0x00007ffa89a1f000 	C:\WINDOWS\System32\KERNEL32.DLL
0x00007ffa87e50000 - 0x00007ffa88122000 	C:\WINDOWS\System32\KERNELBASE.dll
0x00007ffa87c80000 - 0x00007ffa87d80000 	C:\WINDOWS\System32\ucrtbase.dll
0x00007ffa683a0000 - 0x00007ffa683b7000 	C:\Users\WINDOWS10\.jdks\corretto-11.0.18\bin\jli.dll
0x00007ffa61600000 - 0x00007ffa61619000 	C:\Users\WINDOWS10\.jdks\corretto-11.0.18\bin\VCRUNTIME140.dll
0x00007ffa89f00000 - 0x00007ffa8a0a1000 	C:\WINDOWS\System32\USER32.dll
0x00007ffa74df0000 - 0x00007ffa7508a000 	C:\WINDOWS\WinSxS\amd64_microsoft.windows.common-controls_6595b64144ccf1df_6.0.19041.1110_none_60b5254171f9507e\COMCTL32.dll
0x00007ffa87990000 - 0x00007ffa879b2000 	C:\WINDOWS\System32\win32u.dll
0x00007ffa881d0000 - 0x00007ffa881fb000 	C:\WINDOWS\System32\GDI32.dll
0x00007ffa895c0000 - 0x00007ffa8965e000 	C:\WINDOWS\System32\msvcrt.dll
0x00007ffa879c0000 - 0x00007ffa87acf000 	C:\WINDOWS\System32\gdi32full.dll
0x00007ffa87d80000 - 0x00007ffa87e1d000 	C:\WINDOWS\System32\msvcp_win.dll
0x00007ffa88d70000 - 0x00007ffa88da2000 	C:\WINDOWS\System32\IMM32.DLL
0x00007ffa5d8d0000 - 0x00007ffa5d96b000 	C:\Users\WINDOWS10\.jdks\corretto-11.0.18\bin\msvcp140.dll
0x00007ffa3bb30000 - 0x00007ffa3c6ba000 	C:\Users\WINDOWS10\.jdks\corretto-11.0.18\bin\server\jvm.dll
0x00007ffa882c0000 - 0x00007ffa8836e000 	C:\WINDOWS\System32\ADVAPI32.dll
0x00007ffa88130000 - 0x00007ffa881cc000 	C:\WINDOWS\System32\sechost.dll
0x00007ffa88db0000 - 0x00007ffa88ed5000 	C:\WINDOWS\System32\RPCRT4.dll
0x00007ffa88ca0000 - 0x00007ffa88ca8000 	C:\WINDOWS\System32\PSAPI.DLL
0x00007ffa7cee0000 - 0x00007ffa7cf07000 	C:\WINDOWS\SYSTEM32\WINMM.dll
0x00007ffa4eb40000 - 0x00007ffa4eb49000 	C:\WINDOWS\SYSTEM32\WSOCK32.dll
0x00007ffa7ced0000 - 0x00007ffa7ceda000 	C:\WINDOWS\SYSTEM32\VERSION.dll
0x00007ffa88370000 - 0x00007ffa883db000 	C:\WINDOWS\System32\WS2_32.dll
0x00007ffa85ff0000 - 0x00007ffa86002000 	C:\WINDOWS\SYSTEM32\kernel.appcore.dll
0x00007ffa81100000 - 0x00007ffa81110000 	C:\Users\WINDOWS10\.jdks\corretto-11.0.18\bin\verify.dll
0x00007ffa79d30000 - 0x00007ffa79f14000 	C:\WINDOWS\SYSTEM32\DBGHELP.DLL
0x00007ffa743c0000 - 0x00007ffa743f5000 	C:\WINDOWS\SYSTEM32\dbgcore.DLL
0x00007ffa877e0000 - 0x00007ffa87862000 	C:\WINDOWS\System32\bcryptPrimitives.dll
0x00007ffa5d8a0000 - 0x00007ffa5d8c8000 	C:\Users\WINDOWS10\.jdks\corretto-11.0.18\bin\java.dll
0x00007ffa79960000 - 0x00007ffa7996a000 	C:\Users\WINDOWS10\.jdks\corretto-11.0.18\bin\jimage.dll
0x00007ffa61490000 - 0x00007ffa614a8000 	C:\Users\WINDOWS10\.jdks\corretto-11.0.18\bin\zip.dll
0x00007ffa884f0000 - 0x00007ffa88c35000 	C:\WINDOWS\System32\SHELL32.dll
0x00007ffa85840000 - 0x00007ffa85fd2000 	C:\WINDOWS\SYSTEM32\windows.storage.dll
0x00007ffa89b40000 - 0x00007ffa89e95000 	C:\WINDOWS\System32\combase.dll
0x00007ffa87160000 - 0x00007ffa87190000 	C:\WINDOWS\SYSTEM32\Wldp.dll
0x00007ffa89350000 - 0x00007ffa893fd000 	C:\WINDOWS\System32\SHCORE.dll
0x00007ffa88200000 - 0x00007ffa88255000 	C:\WINDOWS\System32\shlwapi.dll
0x00007ffa87720000 - 0x00007ffa8773f000 	C:\WINDOWS\SYSTEM32\profapi.dll
0x00007ffa609b0000 - 0x00007ffa609c9000 	C:\Users\WINDOWS10\.jdks\corretto-11.0.18\bin\net.dll
0x00007ffa7f0c0000 - 0x00007ffa7f1cc000 	C:\WINDOWS\SYSTEM32\WINHTTP.dll
0x00007ffa86e80000 - 0x00007ffa86eea000 	C:\WINDOWS\system32\mswsock.dll
0x00007ffa5d880000 - 0x00007ffa5d893000 	C:\Users\WINDOWS10\.jdks\corretto-11.0.18\bin\nio.dll
0x00007ffa609d0000 - 0x00007ffa609f6000 	C:\Users\WINDOWS10\.gradle\native\29\windows-amd64\native-platform.dll
0x00007ffa81130000 - 0x00007ffa81139000 	C:\Users\WINDOWS10\.jdks\corretto-11.0.18\bin\management.dll
0x00007ffa81120000 - 0x00007ffa8112b000 	C:\Users\WINDOWS10\.jdks\corretto-11.0.18\bin\management_ext.dll
0x00007ffa870b0000 - 0x00007ffa870c8000 	C:\WINDOWS\SYSTEM32\CRYPTSP.dll
0x00007ffa867a0000 - 0x00007ffa867d4000 	C:\WINDOWS\system32\rsaenh.dll
0x00007ffa87e20000 - 0x00007ffa87e47000 	C:\WINDOWS\System32\bcrypt.dll
0x00007ffa876e0000 - 0x00007ffa8770e000 	C:\WINDOWS\SYSTEM32\USERENV.dll
0x00007ffa870d0000 - 0x00007ffa870dc000 	C:\WINDOWS\SYSTEM32\CRYPTBASE.dll
0x00007ffa86b80000 - 0x00007ffa86bbb000 	C:\WINDOWS\SYSTEM32\IPHLPAPI.DLL
0x00007ffa88d60000 - 0x00007ffa88d68000 	C:\WINDOWS\System32\NSI.dll
0x00007ffa7e2a0000 - 0x00007ffa7e2b7000 	C:\WINDOWS\SYSTEM32\dhcpcsvc6.DLL
0x00007ffa7e280000 - 0x00007ffa7e29d000 	C:\WINDOWS\SYSTEM32\dhcpcsvc.DLL
0x00007ffa86bc0000 - 0x00007ffa86c8b000 	C:\WINDOWS\SYSTEM32\DNSAPI.dll

dbghelp: loaded successfully - version: 4.0.5 - missing functions: none
symbol engine: initialized successfully - sym options: 0x614 - pdb path: .;C:\Users\WINDOWS10\.jdks\corretto-11.0.18\bin;C:\WINDOWS\SYSTEM32;C:\WINDOWS\WinSxS\amd64_microsoft.windows.common-controls_6595b64144ccf1df_6.0.19041.1110_none_60b5254171f9507e;C:\Users\WINDOWS10\.jdks\corretto-11.0.18\bin\server;C:\Users\WINDOWS10\.gradle\native\29\windows-amd64

VM Arguments:
jvm_args: --add-opens=java.base/java.util=ALL-UNNAMED --add-opens=java.base/java.lang=ALL-UNNAMED --add-opens=java.base/java.lang.invoke=ALL-UNNAMED --add-opens=java.prefs/java.util.prefs=ALL-UNNAMED -XX:MaxMetaspaceSize=256m -XX:+HeapDumpOnOutOfMemoryError -Xms256m -Xmx512m -Dfile.encoding=x-windows-874 -Duser.country=US -Duser.language=en -Duser.variant 
java_command: org.gradle.launcher.daemon.bootstrap.GradleDaemon 5.3
java_class_path (initial): C:\Users\WINDOWS10\.gradle\wrapper\dists\gradle-5.3-bin\9tevgwefmd5lgaxkzkt5jgvch\gradle-5.3\lib\gradle-launcher-5.3.jar
Launcher Type: SUN_STANDARD

[Global flags]
     intx CICompilerCount                          = 4                                         {product} {ergonomic}
   size_t CompressedClassSpaceSize                 = 260046848                                 {product} {ergonomic}
     uint ConcGCThreads                            = 2                                         {product} {ergonomic}
     uint G1ConcRefinementThreads                  = 8                                         {product} {ergonomic}
   size_t G1HeapRegionSize                         = 1048576                                   {product} {ergonomic}
    uintx GCDrainStackTargetSize                   = 64                                        {product} {ergonomic}
     bool HeapDumpOnOutOfMemoryError               = true                                   {manageable} {command line}
   size_t InitialHeapSize                          = 268435456                                 {product} {command line}
   size_t MarkStackSize                            = 4194304                                   {product} {ergonomic}
   size_t MaxHeapSize                              = 536870912                                 {product} {command line}
   size_t MaxMetaspaceSize                         = 268435456                                 {product} {command line}
   size_t MaxNewSize                               = 321912832                                 {product} {ergonomic}
   size_t MinHeapDeltaBytes                        = 1048576                                   {product} {ergonomic}
    uintx NonNMethodCodeHeapSize                   = 5836300                                {pd product} {ergonomic}
    uintx NonProfiledCodeHeapSize                  = 122910970                              {pd product} {ergonomic}
    uintx ProfiledCodeHeapSize                     = 122910970                              {pd product} {ergonomic}
    uintx ReservedCodeCacheSize                    = 251658240                              {pd product} {ergonomic}
     bool SegmentedCodeCache                       = true                                      {product} {ergonomic}
     bool UseCompressedClassPointers               = true                                 {lp64_product} {ergonomic}
     bool UseCompressedOops                        = true                                 {lp64_product} {ergonomic}
     bool UseG1GC                                  = true                                      {product} {ergonomic}
     bool UseLargePagesIndividualAllocation        = false                                  {pd product} {ergonomic}

Logging:
Log output configuration:
 #0: stdout all=warning uptime,level,tags
 #1: stderr all=off uptime,level,tags

Environment Variables:
JAVA_HOME=C:\Program Files\Java\jdk-18.0.1.1
PATH=C:\Program Files (x86)\NVIDIA Corporation\PhysX\Common;C:\Program Files (x86)\VMware\VMware Workstation\bin\;D:\app\client\WINDOWS10\product\12.1.0\client_2\bin;D:\app\client\WINDOWS10\product\12.1.0\client_1\bin;C:\oracle\ora81\bin;C:\Program Files (x86)\Oracle\jre\1.1.7\bin;C:\Program Files\Python38\Scripts\;C:\Program Files\Python38\;C:\Program Files\Common Files\Oracle\Java\javapath;C:\Program Files (x86)\Python38-32\Scripts\;C:\Program Files (x86)\Python38-32\;C:\WINDOWS\system32;C:\WINDOWS;C:\WINDOWS\System32\Wbem;C:\WINDOWS\System32\WindowsPowerShell\v1.0\;C:\WINDOWS\System32\OpenSSH\;C:\Program Files (x86)\Windows Live\Shared;C:\ProgramData\chocolatey\bin;C:\Program Files\Git\cmd;;C:\Program Files\Docker\Docker\resources\bin;C:\Program Files\MySQL\MySQL Shell 8.0\bin\;C:\Users\WINDOWS10\AppData\Local\Programs\Python\Python38-32\Scripts\;C:\Users\WINDOWS10\AppData\Local\Programs\Python\Python38-32\;C:\Users\WINDOWS10\AppData\Local\Programs\Python\Python310\Scripts\;C:\Users\WINDOWS10\AppData\Local\Programs\Python\Python310\;C:\Program Files\Java\jdk-14.0.2;"C:\Users\WINDOWS10\AppData\Local\Microsoft\WindowsApps;C:\MinGW\bin";C:\Program Files\JetBrains\IntelliJ IDEA 2020.3.1\bin;;C:\Program Files\JetBrains\IntelliJ IDEA Community Edition 2020.3.1\bin;;C:\Users\WINDOWS10\AppData\Local\Microsoft\WindowsApps;C:\Users\WINDOWS10\AppData\Local\Programs\Microsoft VS Code\bin;C:\Program Files\JetBrains\PyCharm Edu 2021.1.3\bin;;C:\Users\WINDOWS10\AppData\Local\GitHubDesktop\bin;C:\Program Files\Java\jdk-18.0.1.1;
USERNAME=WINDOWS10
OS=Windows_NT
PROCESSOR_IDENTIFIER=AMD64 Family 23 Model 17 Stepping 0, AuthenticAMD
TMP=C:\Users\WINDOW~1\AppData\Local\Temp
TEMP=C:\Users\WINDOW~1\AppData\Local\Temp



---------------  S Y S T E M  ---------------

OS: Windows 10 , 64 bit Build 19041 (10.0.19041.2546)
OS uptime: 4 days 10:00 hours
Hyper-V role detected

CPU:total 8 (initial active 8) (8 cores per cpu, 2 threads per core) family 23 model 17 stepping 0 microcode 0x0, cmov, cx8, fxsr, mmx, sse, sse2, sse3, ssse3, sse4.1, sse4.2, popcnt, avx, avx2, aes, clmul, mmxext, 3dnowpref, lzcnt, sse4a, ht, tsc, tscinvbit, tscinv, bmi1, bmi2, adx, sha, fma

Memory: 4k page, system-wide physical 7069M (92M free)
TotalPageFile size 28573M (AvailPageFile size 6M)
current process WorkingSet (physical memory assigned to process): 268M, peak: 269M
current process commit charge ("private bytes"): 438M, peak: 440M

vm_info: OpenJDK 64-Bit Server VM (11.0.18+10-LTS) for windows-amd64 JRE (11.0.18+10-LTS), built on Jan 10 2023 20:17:52 by "Administrator" with MS VC++ 15.9 (VS2017)

END.
