#
# There is insufficient memory for the Java Runtime Environment to continue.
# Native memory allocation (malloc) failed to allocate 610320 bytes for Chunk::new
# Possible reasons:
#   The system is out of physical RAM or swap space
#   The process is running with CompressedOops enabled, and the Java Heap may be blocking the growth of the native heap
# Possible solutions:
#   Reduce memory load on the system
#   Increase physical memory or swap space
#   Check if swap backing store is full
#   Decrease Java heap size (-Xmx/-Xms)
#   Decrease number of Java threads
#   Decrease Java thread stack sizes (-Xss)
#   Set larger code cache with -XX:ReservedCodeCacheSize=
#   JVM is running with Unscaled Compressed Oops mode in which the Java heap is
#     placed in the first 4GB address space. The Java Heap base address is the
#     maximum limit for the native heap growth. Please use -XX:HeapBaseMinAddress
#     to set the Java Heap base and to place the Java Heap above 4GB virtual address.
# This output file may be truncated or incomplete.
#
#  Out of Memory Error (./src/hotspot/share/memory/arena.cpp:197), pid=27208, tid=11736
#
# JRE version: OpenJDK Runtime Environment Corretto-11.0.18.10.1 (11.0.18+10) (build 11.0.18+10-LTS)
# Java VM: OpenJDK 64-Bit Server VM Corretto-11.0.18.10.1 (11.0.18+10-LTS, mixed mode, tiered, compressed oops, g1 gc, windows-amd64)
# No core dump will be written. Minidumps are not enabled by default on client versions of Windows
#

---------------  S U M M A R Y ------------

Command Line: --add-opens=java.base/java.util=ALL-UNNAMED --add-opens=java.base/java.lang=ALL-UNNAMED --add-opens=java.base/java.lang.invoke=ALL-UNNAMED --add-opens=java.prefs/java.util.prefs=ALL-UNNAMED -XX:MaxMetaspaceSize=256m -XX:+HeapDumpOnOutOfMemoryError -Xms256m -Xmx512m -Dfile.encoding=x-windows-874 -Duser.country=US -Duser.language=en -Duser.variant org.gradle.launcher.daemon.bootstrap.GradleDaemon 5.3

Host: AMD Ryzen 5 2500U with Radeon Vega Mobile Gfx  , 8 cores, 6G,  Windows 10 , 64 bit Build 19041 (10.0.19041.2546)
Time: Wed Mar 15 23:03:09 2023 SE Asia Standard Time elapsed time: 6.992492 seconds (0d 0h 0m 6s)

---------------  T H R E A D  ---------------

Current thread (0x00000210367e2000):  JavaThread "C2 CompilerThread0" daemon [_thread_in_native, id=11736, stack(0x00000043d3400000,0x00000043d3500000)]


Current CompileTask:
C2:   6992 2041       4       java.net.URLClassLoader$1::run (5 bytes)

Stack: [0x00000043d3400000,0x00000043d3500000]
Native frames: (J=compiled Java code, j=interpreted, Vv=VM code, C=native code)
V  [jvm.dll+0x622d9a]
V  [jvm.dll+0x7b0289]
V  [jvm.dll+0x7b1978]
V  [jvm.dll+0x7b2053]
V  [jvm.dll+0x24fe08]
V  [jvm.dll+0xc264c]
V  [jvm.dll+0xc2c0c]
V  [jvm.dll+0x208a57]
V  [jvm.dll+0x5b5e95]
V  [jvm.dll+0x5b4d2e]
V  [jvm.dll+0x20914d]
V  [jvm.dll+0x20841d]
V  [jvm.dll+0x18a3c1]
V  [jvm.dll+0x217ac4]
V  [jvm.dll+0x215d0b]
V  [jvm.dll+0x772d90]
V  [jvm.dll+0x76bcc4]
V  [jvm.dll+0x621c05]
C  [ucrtbase.dll+0x21bb2]
C  [KERNEL32.DLL+0x17614]
C  [ntdll.dll+0x526a1]


---------------  P R O C E S S  ---------------

Threads class SMR info:
_java_thread_list=0x0000021036bcb490, length=24, elements={
0x00000210186f3800, 0x0000021035e48000, 0x0000021035e51800, 0x00000210367db000,
0x00000210367dc000, 0x00000210367dd800, 0x00000210367e2000, 0x00000210367e5800,
0x00000210367f1000, 0x000002103694d000, 0x000002103694d800, 0x0000021036950000,
0x000002103694e800, 0x000002103694f800, 0x0000021036951800, 0x0000021036951000,
0x000002103694c000, 0x0000021036952800, 0x000002103830a000, 0x000002103830b000,
0x0000021038305000, 0x000002103830b800, 0x0000021038306000, 0x0000021038308800
}

Java Threads: ( => current thread )
  0x00000210186f3800 JavaThread "main" [_thread_blocked, id=14936, stack(0x00000043d2800000,0x00000043d2900000)]
  0x0000021035e48000 JavaThread "Reference Handler" daemon [_thread_blocked, id=26856, stack(0x00000043d2f00000,0x00000043d3000000)]
  0x0000021035e51800 JavaThread "Finalizer" daemon [_thread_blocked, id=18860, stack(0x00000043d3000000,0x00000043d3100000)]
  0x00000210367db000 JavaThread "Signal Dispatcher" daemon [_thread_blocked, id=23008, stack(0x00000043d3100000,0x00000043d3200000)]
  0x00000210367dc000 JavaThread "Attach Listener" daemon [_thread_blocked, id=26644, stack(0x00000043d3200000,0x00000043d3300000)]
  0x00000210367dd800 JavaThread "Service Thread" daemon [_thread_blocked, id=6188, stack(0x00000043d3300000,0x00000043d3400000)]
=>0x00000210367e2000 JavaThread "C2 CompilerThread0" daemon [_thread_in_native, id=11736, stack(0x00000043d3400000,0x00000043d3500000)]
  0x00000210367e5800 JavaThread "C1 CompilerThread0" daemon [_thread_blocked, id=8684, stack(0x00000043d3500000,0x00000043d3600000)]
  0x00000210367f1000 JavaThread "Sweeper thread" daemon [_thread_blocked, id=28100, stack(0x00000043d3600000,0x00000043d3700000)]
  0x000002103694d000 JavaThread "Common-Cleaner" daemon [_thread_blocked, id=27244, stack(0x00000043d3700000,0x00000043d3800000)]
  0x000002103694d800 JavaThread "Daemon health stats" [_thread_blocked, id=27192, stack(0x00000043d3e00000,0x00000043d3f00000)]
  0x0000021036950000 JavaThread "Incoming local TCP Connector on port 59394" [_thread_in_native, id=21404, stack(0x00000043d3f00000,0x00000043d4000000)]
  0x000002103694e800 JavaThread "Daemon periodic checks" [_thread_blocked, id=27628, stack(0x00000043d4000000,0x00000043d4100000)]
  0x000002103694f800 JavaThread "Daemon" [_thread_blocked, id=22996, stack(0x00000043d4100000,0x00000043d4200000)]
  0x0000021036951800 JavaThread "Handler for socket connection from /127.0.0.1:59394 to /127.0.0.1:59395" [_thread_in_native, id=27944, stack(0x00000043d4200000,0x00000043d4300000)]
  0x0000021036951000 JavaThread "Cancel handler" [_thread_blocked, id=28392, stack(0x00000043d4300000,0x00000043d4400000)]
  0x000002103694c000 JavaThread "Daemon worker" [_thread_in_vm, id=28548, stack(0x00000043d4400000,0x00000043d4500000)]
  0x0000021036952800 JavaThread "Asynchronous log dispatcher for DefaultDaemonConnection: socket connection from /127.0.0.1:59394 to /127.0.0.1:59395" [_thread_blocked, id=27212, stack(0x00000043d4500000,0x00000043d4600000)]
  0x000002103830a000 JavaThread "Stdin handler" [_thread_blocked, id=27688, stack(0x00000043d4600000,0x00000043d4700000)]
  0x000002103830b000 JavaThread "Thread-8" [_thread_blocked, id=27412, stack(0x00000043d4700000,0x00000043d4800000)]
  0x0000021038305000 JavaThread "Cache worker for file hash cache (C:\Users\WINDOWS10\.gradle\caches\5.3\fileHashes)" [_thread_blocked, id=18016, stack(0x00000043d4800000,0x00000043d4900000)]
  0x000002103830b800 JavaThread "File lock request listener" [_thread_in_native, id=3608, stack(0x00000043d4900000,0x00000043d4a00000)]
  0x0000021038306000 JavaThread "Cache worker for journal cache (C:\Users\WINDOWS10\.gradle\caches\journal-1)" [_thread_blocked, id=20860, stack(0x00000043d4a00000,0x00000043d4b00000)]
  0x0000021038308800 JavaThread "Cache worker for file hash cache (D:\se\spint2\.gradle\5.3\fileHashes)" [_thread_blocked, id=6416, stack(0x00000043d4e00000,0x00000043d4f00000)]

Other Threads:
  0x0000021035e20000 VMThread "VM Thread" [stack: 0x00000043d2e00000,0x00000043d2f00000] [id=28092]
  0x0000021036973800 WatcherThread [stack: 0x00000043d3800000,0x00000043d3900000] [id=28140]
  0x00000210186cd800 GCTaskThread "GC Thread#0" [stack: 0x00000043d2900000,0x00000043d2a00000] [id=28228]
  0x0000021037388000 GCTaskThread "GC Thread#1" [stack: 0x00000043d3900000,0x00000043d3a00000] [id=26832]
  0x00000210375d9000 GCTaskThread "GC Thread#2" [stack: 0x00000043d3a00000,0x00000043d3b00000] [id=28420]
  0x000002103720f000 GCTaskThread "GC Thread#3" [stack: 0x00000043d3b00000,0x00000043d3c00000] [id=27632]
  0x000002103722c000 GCTaskThread "GC Thread#4" [stack: 0x00000043d3c00000,0x00000043d3d00000] [id=23024]
  0x000002103762a000 GCTaskThread "GC Thread#5" [stack: 0x00000043d3d00000,0x00000043d3e00000] [id=21428]
  0x00000210382b1800 GCTaskThread "GC Thread#6" [stack: 0x00000043d4b00000,0x00000043d4c00000] [id=27488]
  0x000002103769d000 GCTaskThread "GC Thread#7" [stack: 0x00000043d4c00000,0x00000043d4d00000] [id=24492]
  0x0000021018719000 ConcurrentGCThread "G1 Main Marker" [stack: 0x00000043d2a00000,0x00000043d2b00000] [id=26284]
  0x000002101871a800 ConcurrentGCThread "G1 Conc#0" [stack: 0x00000043d2b00000,0x00000043d2c00000] [id=17176]
  0x0000021038401800 ConcurrentGCThread "G1 Conc#1" [stack: 0x00000043d4d00000,0x00000043d4e00000] [id=28564]
  0x0000021035cbc800 ConcurrentGCThread "G1 Refine#0" [stack: 0x00000043d2c00000,0x00000043d2d00000] [id=28032]
  0x0000021035cbd800 ConcurrentGCThread "G1 Young RemSet Sampling" [stack: 0x00000043d2d00000,0x00000043d2e00000] [id=28500]

Threads with active compile tasks:
C2 CompilerThread0     7052 2041       4       java.net.URLClassLoader$1::run (5 bytes)

VM state:not at safepoint (normal execution)

VM Mutex/Monitor currently owned by a thread:  ([mutex/lock_event])
[0x00000210186e4010] SymbolTable_lock - owner thread: 0x0000000000000000

Heap address: 0x00000000e0000000, size: 512 MB, Compressed Oops mode: 32-bit
Narrow klass base: 0x0000000000000000, Narrow klass shift: 3
Compressed class space size: 260046848 Address: 0x0000000100000000

Heap:
 garbage-first heap   total 262144K, used 45544K [0x00000000e0000000, 0x0000000100000000)
  region size 1024K, 43 young (44032K), 11 survivors (11264K)
 Metaspace       used 25543K, capacity 25972K, committed 25984K, reserved 276480K
  class space    used 3283K, capacity 3454K, committed 3456K, reserved 253952K
Heap Regions: E=young(eden), S=young(survivor), O=old, HS=humongous(starts), HC=humongous(continues), CS=collection set, F=free, A=archive, TAMS=top-at-mark-start (previous, next)
|   0|0x00000000e0000000, 0x00000000e0000000, 0x00000000e0100000|  0%| F|  |TAMS 0x00000000e0000000, 0x00000000e0000000| Untracked 
|   1|0x00000000e0100000, 0x00000000e0100000, 0x00000000e0200000|  0%| F|  |TAMS 0x00000000e0100000, 0x00000000e0100000| Untracked 
|   2|0x00000000e0200000, 0x00000000e0300000, 0x00000000e0300000|100%|HS|  |TAMS 0x00000000e0300000, 0x00000000e0200000| Complete 
|   3|0x00000000e0300000, 0x00000000e0400000, 0x00000000e0400000|100%|HS|  |TAMS 0x00000000e0400000, 0x00000000e0300000| Complete 
|   4|0x00000000e0400000, 0x00000000e0500000, 0x00000000e0500000|100%|HC|  |TAMS 0x00000000e0500000, 0x00000000e0400000| Complete 
|   5|0x00000000e0500000, 0x00000000e0600000, 0x00000000e0600000|100%| O|  |TAMS 0x00000000e0600000, 0x00000000e0500000| Untracked 
|   6|0x00000000e0600000, 0x00000000e066ca00, 0x00000000e0700000| 42%| O|  |TAMS 0x00000000e066ca00, 0x00000000e0600000| Untracked 
|   7|0x00000000e0700000, 0x00000000e0700000, 0x00000000e0800000|  0%| F|  |TAMS 0x00000000e0700000, 0x00000000e0700000| Untracked 
|   8|0x00000000e0800000, 0x00000000e0800000, 0x00000000e0900000|  0%| F|  |TAMS 0x00000000e0800000, 0x00000000e0800000| Untracked 
|   9|0x00000000e0900000, 0x00000000e0900000, 0x00000000e0a00000|  0%| F|  |TAMS 0x00000000e0900000, 0x00000000e0900000| Untracked 
|  10|0x00000000e0a00000, 0x00000000e0a00000, 0x00000000e0b00000|  0%| F|  |TAMS 0x00000000e0a00000, 0x00000000e0a00000| Untracked 
|  11|0x00000000e0b00000, 0x00000000e0b00000, 0x00000000e0c00000|  0%| F|  |TAMS 0x00000000e0b00000, 0x00000000e0b00000| Untracked 
|  12|0x00000000e0c00000, 0x00000000e0c00000, 0x00000000e0d00000|  0%| F|  |TAMS 0x00000000e0c00000, 0x00000000e0c00000| Untracked 
|  13|0x00000000e0d00000, 0x00000000e0d00000, 0x00000000e0e00000|  0%| F|  |TAMS 0x00000000e0d00000, 0x00000000e0d00000| Untracked 
|  14|0x00000000e0e00000, 0x00000000e0e00000, 0x00000000e0f00000|  0%| F|  |TAMS 0x00000000e0e00000, 0x00000000e0e00000| Untracked 
|  15|0x00000000e0f00000, 0x00000000e0f00000, 0x00000000e1000000|  0%| F|  |TAMS 0x00000000e0f00000, 0x00000000e0f00000| Untracked 
|  16|0x00000000e1000000, 0x00000000e1000000, 0x00000000e1100000|  0%| F|  |TAMS 0x00000000e1000000, 0x00000000e1000000| Untracked 
|  17|0x00000000e1100000, 0x00000000e1100000, 0x00000000e1200000|  0%| F|  |TAMS 0x00000000e1100000, 0x00000000e1100000| Untracked 
|  18|0x00000000e1200000, 0x00000000e1200000, 0x00000000e1300000|  0%| F|  |TAMS 0x00000000e1200000, 0x00000000e1200000| Untracked 
|  19|0x00000000e1300000, 0x00000000e1300000, 0x00000000e1400000|  0%| F|  |TAMS 0x00000000e1300000, 0x00000000e1300000| Untracked 
|  20|0x00000000e1400000, 0x00000000e1400000, 0x00000000e1500000|  0%| F|  |TAMS 0x00000000e1400000, 0x00000000e1400000| Untracked 
|  21|0x00000000e1500000, 0x00000000e1500000, 0x00000000e1600000|  0%| F|  |TAMS 0x00000000e1500000, 0x00000000e1500000| Untracked 
|  22|0x00000000e1600000, 0x00000000e1600000, 0x00000000e1700000|  0%| F|  |TAMS 0x00000000e1600000, 0x00000000e1600000| Untracked 
|  23|0x00000000e1700000, 0x00000000e1700000, 0x00000000e1800000|  0%| F|  |TAMS 0x00000000e1700000, 0x00000000e1700000| Untracked 
|  24|0x00000000e1800000, 0x00000000e1800000, 0x00000000e1900000|  0%| F|  |TAMS 0x00000000e1800000, 0x00000000e1800000| Untracked 
|  25|0x00000000e1900000, 0x00000000e1900000, 0x00000000e1a00000|  0%| F|  |TAMS 0x00000000e1900000, 0x00000000e1900000| Untracked 
|  26|0x00000000e1a00000, 0x00000000e1a00000, 0x00000000e1b00000|  0%| F|  |TAMS 0x00000000e1a00000, 0x00000000e1a00000| Untracked 
|  27|0x00000000e1b00000, 0x00000000e1b00000, 0x00000000e1c00000|  0%| F|  |TAMS 0x00000000e1b00000, 0x00000000e1b00000| Untracked 
|  28|0x00000000e1c00000, 0x00000000e1c00000, 0x00000000e1d00000|  0%| F|  |TAMS 0x00000000e1c00000, 0x00000000e1c00000| Untracked 
|  29|0x00000000e1d00000, 0x00000000e1d00000, 0x00000000e1e00000|  0%| F|  |TAMS 0x00000000e1d00000, 0x00000000e1d00000| Untracked 
|  30|0x00000000e1e00000, 0x00000000e1e00000, 0x00000000e1f00000|  0%| F|  |TAMS 0x00000000e1e00000, 0x00000000e1e00000| Untracked 
|  31|0x00000000e1f00000, 0x00000000e1f00000, 0x00000000e2000000|  0%| F|  |TAMS 0x00000000e1f00000, 0x00000000e1f00000| Untracked 
|  32|0x00000000e2000000, 0x00000000e2000000, 0x00000000e2100000|  0%| F|  |TAMS 0x00000000e2000000, 0x00000000e2000000| Untracked 
|  33|0x00000000e2100000, 0x00000000e2100000, 0x00000000e2200000|  0%| F|  |TAMS 0x00000000e2100000, 0x00000000e2100000| Untracked 
|  34|0x00000000e2200000, 0x00000000e2200000, 0x00000000e2300000|  0%| F|  |TAMS 0x00000000e2200000, 0x00000000e2200000| Untracked 
|  35|0x00000000e2300000, 0x00000000e2300000, 0x00000000e2400000|  0%| F|  |TAMS 0x00000000e2300000, 0x00000000e2300000| Untracked 
|  36|0x00000000e2400000, 0x00000000e2400000, 0x00000000e2500000|  0%| F|  |TAMS 0x00000000e2400000, 0x00000000e2400000| Untracked 
|  37|0x00000000e2500000, 0x00000000e2500000, 0x00000000e2600000|  0%| F|  |TAMS 0x00000000e2500000, 0x00000000e2500000| Untracked 
|  38|0x00000000e2600000, 0x00000000e2600000, 0x00000000e2700000|  0%| F|  |TAMS 0x00000000e2600000, 0x00000000e2600000| Untracked 
|  39|0x00000000e2700000, 0x00000000e2700000, 0x00000000e2800000|  0%| F|  |TAMS 0x00000000e2700000, 0x00000000e2700000| Untracked 
|  40|0x00000000e2800000, 0x00000000e2800000, 0x00000000e2900000|  0%| F|  |TAMS 0x00000000e2800000, 0x00000000e2800000| Untracked 
|  41|0x00000000e2900000, 0x00000000e2900000, 0x00000000e2a00000|  0%| F|  |TAMS 0x00000000e2900000, 0x00000000e2900000| Untracked 
|  42|0x00000000e2a00000, 0x00000000e2a00000, 0x00000000e2b00000|  0%| F|  |TAMS 0x00000000e2a00000, 0x00000000e2a00000| Untracked 
|  43|0x00000000e2b00000, 0x00000000e2b00000, 0x00000000e2c00000|  0%| F|  |TAMS 0x00000000e2b00000, 0x00000000e2b00000| Untracked 
|  44|0x00000000e2c00000, 0x00000000e2c00000, 0x00000000e2d00000|  0%| F|  |TAMS 0x00000000e2c00000, 0x00000000e2c00000| Untracked 
|  45|0x00000000e2d00000, 0x00000000e2d00000, 0x00000000e2e00000|  0%| F|  |TAMS 0x00000000e2d00000, 0x00000000e2d00000| Untracked 
|  46|0x00000000e2e00000, 0x00000000e2e00000, 0x00000000e2f00000|  0%| F|  |TAMS 0x00000000e2e00000, 0x00000000e2e00000| Untracked 
|  47|0x00000000e2f00000, 0x00000000e2f00000, 0x00000000e3000000|  0%| F|  |TAMS 0x00000000e2f00000, 0x00000000e2f00000| Untracked 
|  48|0x00000000e3000000, 0x00000000e3000000, 0x00000000e3100000|  0%| F|  |TAMS 0x00000000e3000000, 0x00000000e3000000| Untracked 
|  49|0x00000000e3100000, 0x00000000e3100000, 0x00000000e3200000|  0%| F|  |TAMS 0x00000000e3100000, 0x00000000e3100000| Untracked 
|  50|0x00000000e3200000, 0x00000000e3200000, 0x00000000e3300000|  0%| F|  |TAMS 0x00000000e3200000, 0x00000000e3200000| Untracked 
|  51|0x00000000e3300000, 0x00000000e3300000, 0x00000000e3400000|  0%| F|  |TAMS 0x00000000e3300000, 0x00000000e3300000| Untracked 
|  52|0x00000000e3400000, 0x00000000e3400000, 0x00000000e3500000|  0%| F|  |TAMS 0x00000000e3400000, 0x00000000e3400000| Untracked 
|  53|0x00000000e3500000, 0x00000000e3500000, 0x00000000e3600000|  0%| F|  |TAMS 0x00000000e3500000, 0x00000000e3500000| Untracked 
|  54|0x00000000e3600000, 0x00000000e3600000, 0x00000000e3700000|  0%| F|  |TAMS 0x00000000e3600000, 0x00000000e3600000| Untracked 
|  55|0x00000000e3700000, 0x00000000e3700000, 0x00000000e3800000|  0%| F|  |TAMS 0x00000000e3700000, 0x00000000e3700000| Untracked 
|  56|0x00000000e3800000, 0x00000000e3800000, 0x00000000e3900000|  0%| F|  |TAMS 0x00000000e3800000, 0x00000000e3800000| Untracked 
|  57|0x00000000e3900000, 0x00000000e3900000, 0x00000000e3a00000|  0%| F|  |TAMS 0x00000000e3900000, 0x00000000e3900000| Untracked 
|  58|0x00000000e3a00000, 0x00000000e3a00000, 0x00000000e3b00000|  0%| F|  |TAMS 0x00000000e3a00000, 0x00000000e3a00000| Untracked 
|  59|0x00000000e3b00000, 0x00000000e3b00000, 0x00000000e3c00000|  0%| F|  |TAMS 0x00000000e3b00000, 0x00000000e3b00000| Untracked 
|  60|0x00000000e3c00000, 0x00000000e3c00000, 0x00000000e3d00000|  0%| F|  |TAMS 0x00000000e3c00000, 0x00000000e3c00000| Untracked 
|  61|0x00000000e3d00000, 0x00000000e3d00000, 0x00000000e3e00000|  0%| F|  |TAMS 0x00000000e3d00000, 0x00000000e3d00000| Untracked 
|  62|0x00000000e3e00000, 0x00000000e3e00000, 0x00000000e3f00000|  0%| F|  |TAMS 0x00000000e3e00000, 0x00000000e3e00000| Untracked 
|  63|0x00000000e3f00000, 0x00000000e3f00000, 0x00000000e4000000|  0%| F|  |TAMS 0x00000000e3f00000, 0x00000000e3f00000| Untracked 
|  64|0x00000000e4000000, 0x00000000e4000000, 0x00000000e4100000|  0%| F|  |TAMS 0x00000000e4000000, 0x00000000e4000000| Untracked 
|  65|0x00000000e4100000, 0x00000000e4100000, 0x00000000e4200000|  0%| F|  |TAMS 0x00000000e4100000, 0x00000000e4100000| Untracked 
|  66|0x00000000e4200000, 0x00000000e4200000, 0x00000000e4300000|  0%| F|  |TAMS 0x00000000e4200000, 0x00000000e4200000| Untracked 
|  67|0x00000000e4300000, 0x00000000e4300000, 0x00000000e4400000|  0%| F|  |TAMS 0x00000000e4300000, 0x00000000e4300000| Untracked 
|  68|0x00000000e4400000, 0x00000000e4400000, 0x00000000e4500000|  0%| F|  |TAMS 0x00000000e4400000, 0x00000000e4400000| Untracked 
|  69|0x00000000e4500000, 0x00000000e4500000, 0x00000000e4600000|  0%| F|  |TAMS 0x00000000e4500000, 0x00000000e4500000| Untracked 
|  70|0x00000000e4600000, 0x00000000e4600000, 0x00000000e4700000|  0%| F|  |TAMS 0x00000000e4600000, 0x00000000e4600000| Untracked 
|  71|0x00000000e4700000, 0x00000000e4700000, 0x00000000e4800000|  0%| F|  |TAMS 0x00000000e4700000, 0x00000000e4700000| Untracked 
|  72|0x00000000e4800000, 0x00000000e4800000, 0x00000000e4900000|  0%| F|  |TAMS 0x00000000e4800000, 0x00000000e4800000| Untracked 
|  73|0x00000000e4900000, 0x00000000e4900000, 0x00000000e4a00000|  0%| F|  |TAMS 0x00000000e4900000, 0x00000000e4900000| Untracked 
|  74|0x00000000e4a00000, 0x00000000e4a00000, 0x00000000e4b00000|  0%| F|  |TAMS 0x00000000e4a00000, 0x00000000e4a00000| Untracked 
|  75|0x00000000e4b00000, 0x00000000e4b00000, 0x00000000e4c00000|  0%| F|  |TAMS 0x00000000e4b00000, 0x00000000e4b00000| Untracked 
|  76|0x00000000e4c00000, 0x00000000e4c00000, 0x00000000e4d00000|  0%| F|  |TAMS 0x00000000e4c00000, 0x00000000e4c00000| Untracked 
|  77|0x00000000e4d00000, 0x00000000e4d00000, 0x00000000e4e00000|  0%| F|  |TAMS 0x00000000e4d00000, 0x00000000e4d00000| Untracked 
|  78|0x00000000e4e00000, 0x00000000e4e00000, 0x00000000e4f00000|  0%| F|  |TAMS 0x00000000e4e00000, 0x00000000e4e00000| Untracked 
|  79|0x00000000e4f00000, 0x00000000e4f00000, 0x00000000e5000000|  0%| F|  |TAMS 0x00000000e4f00000, 0x00000000e4f00000| Untracked 
|  80|0x00000000e5000000, 0x00000000e5000000, 0x00000000e5100000|  0%| F|  |TAMS 0x00000000e5000000, 0x00000000e5000000| Untracked 
|  81|0x00000000e5100000, 0x00000000e5100000, 0x00000000e5200000|  0%| F|  |TAMS 0x00000000e5100000, 0x00000000e5100000| Untracked 
|  82|0x00000000e5200000, 0x00000000e5200000, 0x00000000e5300000|  0%| F|  |TAMS 0x00000000e5200000, 0x00000000e5200000| Untracked 
|  83|0x00000000e5300000, 0x00000000e5300000, 0x00000000e5400000|  0%| F|  |TAMS 0x00000000e5300000, 0x00000000e5300000| Untracked 
|  84|0x00000000e5400000, 0x00000000e5400000, 0x00000000e5500000|  0%| F|  |TAMS 0x00000000e5400000, 0x00000000e5400000| Untracked 
|  85|0x00000000e5500000, 0x00000000e5500000, 0x00000000e5600000|  0%| F|  |TAMS 0x00000000e5500000, 0x00000000e5500000| Untracked 
|  86|0x00000000e5600000, 0x00000000e5600000, 0x00000000e5700000|  0%| F|  |TAMS 0x00000000e5600000, 0x00000000e5600000| Untracked 
|  87|0x00000000e5700000, 0x00000000e5700000, 0x00000000e5800000|  0%| F|  |TAMS 0x00000000e5700000, 0x00000000e5700000| Untracked 
|  88|0x00000000e5800000, 0x00000000e5800000, 0x00000000e5900000|  0%| F|  |TAMS 0x00000000e5800000, 0x00000000e5800000| Untracked 
|  89|0x00000000e5900000, 0x00000000e5900000, 0x00000000e5a00000|  0%| F|  |TAMS 0x00000000e5900000, 0x00000000e5900000| Untracked 
|  90|0x00000000e5a00000, 0x00000000e5a00000, 0x00000000e5b00000|  0%| F|  |TAMS 0x00000000e5a00000, 0x00000000e5a00000| Untracked 
|  91|0x00000000e5b00000, 0x00000000e5b00000, 0x00000000e5c00000|  0%| F|  |TAMS 0x00000000e5b00000, 0x00000000e5b00000| Untracked 
|  92|0x00000000e5c00000, 0x00000000e5c00000, 0x00000000e5d00000|  0%| F|  |TAMS 0x00000000e5c00000, 0x00000000e5c00000| Untracked 
|  93|0x00000000e5d00000, 0x00000000e5d00000, 0x00000000e5e00000|  0%| F|  |TAMS 0x00000000e5d00000, 0x00000000e5d00000| Untracked 
|  94|0x00000000e5e00000, 0x00000000e5e00000, 0x00000000e5f00000|  0%| F|  |TAMS 0x00000000e5e00000, 0x00000000e5e00000| Untracked 
|  95|0x00000000e5f00000, 0x00000000e5f00000, 0x00000000e6000000|  0%| F|  |TAMS 0x00000000e5f00000, 0x00000000e5f00000| Untracked 
|  96|0x00000000e6000000, 0x00000000e6000000, 0x00000000e6100000|  0%| F|  |TAMS 0x00000000e6000000, 0x00000000e6000000| Untracked 
|  97|0x00000000e6100000, 0x00000000e6100000, 0x00000000e6200000|  0%| F|  |TAMS 0x00000000e6100000, 0x00000000e6100000| Untracked 
|  98|0x00000000e6200000, 0x00000000e6200000, 0x00000000e6300000|  0%| F|  |TAMS 0x00000000e6200000, 0x00000000e6200000| Untracked 
|  99|0x00000000e6300000, 0x00000000e6300000, 0x00000000e6400000|  0%| F|  |TAMS 0x00000000e6300000, 0x00000000e6300000| Untracked 
| 100|0x00000000e6400000, 0x00000000e6400000, 0x00000000e6500000|  0%| F|  |TAMS 0x00000000e6400000, 0x00000000e6400000| Untracked 
| 101|0x00000000e6500000, 0x00000000e6500000, 0x00000000e6600000|  0%| F|  |TAMS 0x00000000e6500000, 0x00000000e6500000| Untracked 
| 102|0x00000000e6600000, 0x00000000e6600000, 0x00000000e6700000|  0%| F|  |TAMS 0x00000000e6600000, 0x00000000e6600000| Untracked 
| 103|0x00000000e6700000, 0x00000000e6700000, 0x00000000e6800000|  0%| F|  |TAMS 0x00000000e6700000, 0x00000000e6700000| Untracked 
| 104|0x00000000e6800000, 0x00000000e6800000, 0x00000000e6900000|  0%| F|  |TAMS 0x00000000e6800000, 0x00000000e6800000| Untracked 
| 105|0x00000000e6900000, 0x00000000e6900000, 0x00000000e6a00000|  0%| F|  |TAMS 0x00000000e6900000, 0x00000000e6900000| Untracked 
| 106|0x00000000e6a00000, 0x00000000e6a00000, 0x00000000e6b00000|  0%| F|  |TAMS 0x00000000e6a00000, 0x00000000e6a00000| Untracked 
| 107|0x00000000e6b00000, 0x00000000e6b00000, 0x00000000e6c00000|  0%| F|  |TAMS 0x00000000e6b00000, 0x00000000e6b00000| Untracked 
| 108|0x00000000e6c00000, 0x00000000e6c00000, 0x00000000e6d00000|  0%| F|  |TAMS 0x00000000e6c00000, 0x00000000e6c00000| Untracked 
| 109|0x00000000e6d00000, 0x00000000e6d00000, 0x00000000e6e00000|  0%| F|  |TAMS 0x00000000e6d00000, 0x00000000e6d00000| Untracked 
| 110|0x00000000e6e00000, 0x00000000e6e00000, 0x00000000e6f00000|  0%| F|  |TAMS 0x00000000e6e00000, 0x00000000e6e00000| Untracked 
| 111|0x00000000e6f00000, 0x00000000e6f00000, 0x00000000e7000000|  0%| F|  |TAMS 0x00000000e6f00000, 0x00000000e6f00000| Untracked 
| 112|0x00000000e7000000, 0x00000000e7000000, 0x00000000e7100000|  0%| F|  |TAMS 0x00000000e7000000, 0x00000000e7000000| Untracked 
| 113|0x00000000e7100000, 0x00000000e7100000, 0x00000000e7200000|  0%| F|  |TAMS 0x00000000e7100000, 0x00000000e7100000| Untracked 
| 114|0x00000000e7200000, 0x00000000e7200000, 0x00000000e7300000|  0%| F|  |TAMS 0x00000000e7200000, 0x00000000e7200000| Untracked 
| 115|0x00000000e7300000, 0x00000000e7300000, 0x00000000e7400000|  0%| F|  |TAMS 0x00000000e7300000, 0x00000000e7300000| Untracked 
| 116|0x00000000e7400000, 0x00000000e7400000, 0x00000000e7500000|  0%| F|  |TAMS 0x00000000e7400000, 0x00000000e7400000| Untracked 
| 117|0x00000000e7500000, 0x00000000e7500000, 0x00000000e7600000|  0%| F|  |TAMS 0x00000000e7500000, 0x00000000e7500000| Untracked 
| 118|0x00000000e7600000, 0x00000000e7600000, 0x00000000e7700000|  0%| F|  |TAMS 0x00000000e7600000, 0x00000000e7600000| Untracked 
| 119|0x00000000e7700000, 0x00000000e7700000, 0x00000000e7800000|  0%| F|  |TAMS 0x00000000e7700000, 0x00000000e7700000| Untracked 
| 120|0x00000000e7800000, 0x00000000e7800000, 0x00000000e7900000|  0%| F|  |TAMS 0x00000000e7800000, 0x00000000e7800000| Untracked 
| 121|0x00000000e7900000, 0x00000000e7900000, 0x00000000e7a00000|  0%| F|  |TAMS 0x00000000e7900000, 0x00000000e7900000| Untracked 
| 122|0x00000000e7a00000, 0x00000000e7a00000, 0x00000000e7b00000|  0%| F|  |TAMS 0x00000000e7a00000, 0x00000000e7a00000| Untracked 
| 123|0x00000000e7b00000, 0x00000000e7b00000, 0x00000000e7c00000|  0%| F|  |TAMS 0x00000000e7b00000, 0x00000000e7b00000| Untracked 
| 124|0x00000000e7c00000, 0x00000000e7c00000, 0x00000000e7d00000|  0%| F|  |TAMS 0x00000000e7c00000, 0x00000000e7c00000| Untracked 
| 125|0x00000000e7d00000, 0x00000000e7d00000, 0x00000000e7e00000|  0%| F|  |TAMS 0x00000000e7d00000, 0x00000000e7d00000| Untracked 
| 126|0x00000000e7e00000, 0x00000000e7e00000, 0x00000000e7f00000|  0%| F|  |TAMS 0x00000000e7e00000, 0x00000000e7e00000| Untracked 
| 127|0x00000000e7f00000, 0x00000000e7f00000, 0x00000000e8000000|  0%| F|  |TAMS 0x00000000e7f00000, 0x00000000e7f00000| Untracked 
| 128|0x00000000e8000000, 0x00000000e8000000, 0x00000000e8100000|  0%| F|  |TAMS 0x00000000e8000000, 0x00000000e8000000| Untracked 
| 129|0x00000000e8100000, 0x00000000e8100000, 0x00000000e8200000|  0%| F|  |TAMS 0x00000000e8100000, 0x00000000e8100000| Untracked 
| 130|0x00000000e8200000, 0x00000000e8200000, 0x00000000e8300000|  0%| F|  |TAMS 0x00000000e8200000, 0x00000000e8200000| Untracked 
| 131|0x00000000e8300000, 0x00000000e8300000, 0x00000000e8400000|  0%| F|  |TAMS 0x00000000e8300000, 0x00000000e8300000| Untracked 
| 132|0x00000000e8400000, 0x00000000e8400000, 0x00000000e8500000|  0%| F|  |TAMS 0x00000000e8400000, 0x00000000e8400000| Untracked 
| 133|0x00000000e8500000, 0x00000000e8500000, 0x00000000e8600000|  0%| F|  |TAMS 0x00000000e8500000, 0x00000000e8500000| Untracked 
| 134|0x00000000e8600000, 0x00000000e8600000, 0x00000000e8700000|  0%| F|  |TAMS 0x00000000e8600000, 0x00000000e8600000| Untracked 
| 135|0x00000000e8700000, 0x00000000e8700000, 0x00000000e8800000|  0%| F|  |TAMS 0x00000000e8700000, 0x00000000e8700000| Untracked 
| 136|0x00000000e8800000, 0x00000000e8800000, 0x00000000e8900000|  0%| F|  |TAMS 0x00000000e8800000, 0x00000000e8800000| Untracked 
| 137|0x00000000e8900000, 0x00000000e8900000, 0x00000000e8a00000|  0%| F|  |TAMS 0x00000000e8900000, 0x00000000e8900000| Untracked 
| 138|0x00000000e8a00000, 0x00000000e8a00000, 0x00000000e8b00000|  0%| F|  |TAMS 0x00000000e8a00000, 0x00000000e8a00000| Untracked 
| 139|0x00000000e8b00000, 0x00000000e8b00000, 0x00000000e8c00000|  0%| F|  |TAMS 0x00000000e8b00000, 0x00000000e8b00000| Untracked 
| 140|0x00000000e8c00000, 0x00000000e8c00000, 0x00000000e8d00000|  0%| F|  |TAMS 0x00000000e8c00000, 0x00000000e8c00000| Untracked 
| 141|0x00000000e8d00000, 0x00000000e8d00000, 0x00000000e8e00000|  0%| F|  |TAMS 0x00000000e8d00000, 0x00000000e8d00000| Untracked 
| 142|0x00000000e8e00000, 0x00000000e8e00000, 0x00000000e8f00000|  0%| F|  |TAMS 0x00000000e8e00000, 0x00000000e8e00000| Untracked 
| 143|0x00000000e8f00000, 0x00000000e8f00000, 0x00000000e9000000|  0%| F|  |TAMS 0x00000000e8f00000, 0x00000000e8f00000| Untracked 
| 144|0x00000000e9000000, 0x00000000e9000000, 0x00000000e9100000|  0%| F|  |TAMS 0x00000000e9000000, 0x00000000e9000000| Untracked 
| 145|0x00000000e9100000, 0x00000000e9100000, 0x00000000e9200000|  0%| F|  |TAMS 0x00000000e9100000, 0x00000000e9100000| Untracked 
| 146|0x00000000e9200000, 0x00000000e9200000, 0x00000000e9300000|  0%| F|  |TAMS 0x00000000e9200000, 0x00000000e9200000| Untracked 
| 147|0x00000000e9300000, 0x00000000e9300000, 0x00000000e9400000|  0%| F|  |TAMS 0x00000000e9300000, 0x00000000e9300000| Untracked 
| 148|0x00000000e9400000, 0x00000000e9400000, 0x00000000e9500000|  0%| F|  |TAMS 0x00000000e9400000, 0x00000000e9400000| Untracked 
| 149|0x00000000e9500000, 0x00000000e9500000, 0x00000000e9600000|  0%| F|  |TAMS 0x00000000e9500000, 0x00000000e9500000| Untracked 
| 150|0x00000000e9600000, 0x00000000e9600000, 0x00000000e9700000|  0%| F|  |TAMS 0x00000000e9600000, 0x00000000e9600000| Untracked 
| 151|0x00000000e9700000, 0x00000000e9700000, 0x00000000e9800000|  0%| F|  |TAMS 0x00000000e9700000, 0x00000000e9700000| Untracked 
| 152|0x00000000e9800000, 0x00000000e9800000, 0x00000000e9900000|  0%| F|  |TAMS 0x00000000e9800000, 0x00000000e9800000| Untracked 
| 153|0x00000000e9900000, 0x00000000e9900000, 0x00000000e9a00000|  0%| F|  |TAMS 0x00000000e9900000, 0x00000000e9900000| Untracked 
| 154|0x00000000e9a00000, 0x00000000e9a00000, 0x00000000e9b00000|  0%| F|  |TAMS 0x00000000e9a00000, 0x00000000e9a00000| Untracked 
| 155|0x00000000e9b00000, 0x00000000e9b00000, 0x00000000e9c00000|  0%| F|  |TAMS 0x00000000e9b00000, 0x00000000e9b00000| Untracked 
| 156|0x00000000e9c00000, 0x00000000e9c00000, 0x00000000e9d00000|  0%| F|  |TAMS 0x00000000e9c00000, 0x00000000e9c00000| Untracked 
| 157|0x00000000e9d00000, 0x00000000e9d00000, 0x00000000e9e00000|  0%| F|  |TAMS 0x00000000e9d00000, 0x00000000e9d00000| Untracked 
| 158|0x00000000e9e00000, 0x00000000e9e00000, 0x00000000e9f00000|  0%| F|  |TAMS 0x00000000e9e00000, 0x00000000e9e00000| Untracked 
| 159|0x00000000e9f00000, 0x00000000e9f00000, 0x00000000ea000000|  0%| F|  |TAMS 0x00000000e9f00000, 0x00000000e9f00000| Untracked 
| 160|0x00000000ea000000, 0x00000000ea000000, 0x00000000ea100000|  0%| F|  |TAMS 0x00000000ea000000, 0x00000000ea000000| Untracked 
| 161|0x00000000ea100000, 0x00000000ea100000, 0x00000000ea200000|  0%| F|  |TAMS 0x00000000ea100000, 0x00000000ea100000| Untracked 
| 162|0x00000000ea200000, 0x00000000ea200000, 0x00000000ea300000|  0%| F|  |TAMS 0x00000000ea200000, 0x00000000ea200000| Untracked 
| 163|0x00000000ea300000, 0x00000000ea300000, 0x00000000ea400000|  0%| F|  |TAMS 0x00000000ea300000, 0x00000000ea300000| Untracked 
| 164|0x00000000ea400000, 0x00000000ea400000, 0x00000000ea500000|  0%| F|  |TAMS 0x00000000ea400000, 0x00000000ea400000| Untracked 
| 165|0x00000000ea500000, 0x00000000ea500000, 0x00000000ea600000|  0%| F|  |TAMS 0x00000000ea500000, 0x00000000ea500000| Untracked 
| 166|0x00000000ea600000, 0x00000000ea600000, 0x00000000ea700000|  0%| F|  |TAMS 0x00000000ea600000, 0x00000000ea600000| Untracked 
| 167|0x00000000ea700000, 0x00000000ea700000, 0x00000000ea800000|  0%| F|  |TAMS 0x00000000ea700000, 0x00000000ea700000| Untracked 
| 168|0x00000000ea800000, 0x00000000ea800000, 0x00000000ea900000|  0%| F|  |TAMS 0x00000000ea800000, 0x00000000ea800000| Untracked 
| 169|0x00000000ea900000, 0x00000000ea900000, 0x00000000eaa00000|  0%| F|  |TAMS 0x00000000ea900000, 0x00000000ea900000| Untracked 
| 170|0x00000000eaa00000, 0x00000000eaa0d710, 0x00000000eab00000|  5%| S|CS|TAMS 0x00000000eaa00000, 0x00000000eaa00000| Complete 
| 171|0x00000000eab00000, 0x00000000eac00000, 0x00000000eac00000|100%| S|CS|TAMS 0x00000000eab00000, 0x00000000eab00000| Complete 
| 172|0x00000000eac00000, 0x00000000ead00000, 0x00000000ead00000|100%| S|CS|TAMS 0x00000000eac00000, 0x00000000eac00000| Complete 
| 173|0x00000000ead00000, 0x00000000eae00000, 0x00000000eae00000|100%| S|CS|TAMS 0x00000000ead00000, 0x00000000ead00000| Complete 
| 174|0x00000000eae00000, 0x00000000eaf00000, 0x00000000eaf00000|100%| S|CS|TAMS 0x00000000eae00000, 0x00000000eae00000| Complete 
| 175|0x00000000eaf00000, 0x00000000eb000000, 0x00000000eb000000|100%| S|CS|TAMS 0x00000000eaf00000, 0x00000000eaf00000| Complete 
| 176|0x00000000eb000000, 0x00000000eb100000, 0x00000000eb100000|100%| S|CS|TAMS 0x00000000eb000000, 0x00000000eb000000| Complete 
| 177|0x00000000eb100000, 0x00000000eb200000, 0x00000000eb200000|100%| S|CS|TAMS 0x00000000eb100000, 0x00000000eb100000| Complete 
| 178|0x00000000eb200000, 0x00000000eb300000, 0x00000000eb300000|100%| S|CS|TAMS 0x00000000eb200000, 0x00000000eb200000| Complete 
| 179|0x00000000eb300000, 0x00000000eb400000, 0x00000000eb400000|100%| S|CS|TAMS 0x00000000eb300000, 0x00000000eb300000| Complete 
| 180|0x00000000eb400000, 0x00000000eb500000, 0x00000000eb500000|100%| S|CS|TAMS 0x00000000eb400000, 0x00000000eb400000| Complete 
| 181|0x00000000eb500000, 0x00000000eb500000, 0x00000000eb600000|  0%| F|  |TAMS 0x00000000eb500000, 0x00000000eb500000| Untracked 
| 182|0x00000000eb600000, 0x00000000eb600000, 0x00000000eb700000|  0%| F|  |TAMS 0x00000000eb600000, 0x00000000eb600000| Untracked 
| 183|0x00000000eb700000, 0x00000000eb700000, 0x00000000eb800000|  0%| F|  |TAMS 0x00000000eb700000, 0x00000000eb700000| Untracked 
| 184|0x00000000eb800000, 0x00000000eb800000, 0x00000000eb900000|  0%| F|  |TAMS 0x00000000eb800000, 0x00000000eb800000| Untracked 
| 185|0x00000000eb900000, 0x00000000eb900000, 0x00000000eba00000|  0%| F|  |TAMS 0x00000000eb900000, 0x00000000eb900000| Untracked 
| 186|0x00000000eba00000, 0x00000000eba00000, 0x00000000ebb00000|  0%| F|  |TAMS 0x00000000eba00000, 0x00000000eba00000| Untracked 
| 187|0x00000000ebb00000, 0x00000000ebb00000, 0x00000000ebc00000|  0%| F|  |TAMS 0x00000000ebb00000, 0x00000000ebb00000| Untracked 
| 188|0x00000000ebc00000, 0x00000000ebc00000, 0x00000000ebd00000|  0%| F|  |TAMS 0x00000000ebc00000, 0x00000000ebc00000| Untracked 
| 189|0x00000000ebd00000, 0x00000000ebd00000, 0x00000000ebe00000|  0%| F|  |TAMS 0x00000000ebd00000, 0x00000000ebd00000| Untracked 
| 190|0x00000000ebe00000, 0x00000000ebe00000, 0x00000000ebf00000|  0%| F|  |TAMS 0x00000000ebe00000, 0x00000000ebe00000| Untracked 
| 191|0x00000000ebf00000, 0x00000000ebf00000, 0x00000000ec000000|  0%| F|  |TAMS 0x00000000ebf00000, 0x00000000ebf00000| Untracked 
| 192|0x00000000ec000000, 0x00000000ec000000, 0x00000000ec100000|  0%| F|  |TAMS 0x00000000ec000000, 0x00000000ec000000| Untracked 
| 193|0x00000000ec100000, 0x00000000ec100000, 0x00000000ec200000|  0%| F|  |TAMS 0x00000000ec100000, 0x00000000ec100000| Untracked 
| 194|0x00000000ec200000, 0x00000000ec200000, 0x00000000ec300000|  0%| F|  |TAMS 0x00000000ec200000, 0x00000000ec200000| Untracked 
| 195|0x00000000ec300000, 0x00000000ec300000, 0x00000000ec400000|  0%| F|  |TAMS 0x00000000ec300000, 0x00000000ec300000| Untracked 
| 196|0x00000000ec400000, 0x00000000ec400000, 0x00000000ec500000|  0%| F|  |TAMS 0x00000000ec400000, 0x00000000ec400000| Untracked 
| 197|0x00000000ec500000, 0x00000000ec500000, 0x00000000ec600000|  0%| F|  |TAMS 0x00000000ec500000, 0x00000000ec500000| Untracked 
| 198|0x00000000ec600000, 0x00000000ec600000, 0x00000000ec700000|  0%| F|  |TAMS 0x00000000ec600000, 0x00000000ec600000| Untracked 
| 199|0x00000000ec700000, 0x00000000ec700000, 0x00000000ec800000|  0%| F|  |TAMS 0x00000000ec700000, 0x00000000ec700000| Untracked 
| 200|0x00000000ec800000, 0x00000000ec800000, 0x00000000ec900000|  0%| F|  |TAMS 0x00000000ec800000, 0x00000000ec800000| Untracked 
| 201|0x00000000ec900000, 0x00000000ec900000, 0x00000000eca00000|  0%| F|  |TAMS 0x00000000ec900000, 0x00000000ec900000| Untracked 
| 202|0x00000000eca00000, 0x00000000eca00000, 0x00000000ecb00000|  0%| F|  |TAMS 0x00000000eca00000, 0x00000000eca00000| Untracked 
| 203|0x00000000ecb00000, 0x00000000ecb00000, 0x00000000ecc00000|  0%| F|  |TAMS 0x00000000ecb00000, 0x00000000ecb00000| Untracked 
| 204|0x00000000ecc00000, 0x00000000ecc00000, 0x00000000ecd00000|  0%| F|  |TAMS 0x00000000ecc00000, 0x00000000ecc00000| Untracked 
| 205|0x00000000ecd00000, 0x00000000ecd00000, 0x00000000ece00000|  0%| F|  |TAMS 0x00000000ecd00000, 0x00000000ecd00000| Untracked 
| 206|0x00000000ece00000, 0x00000000ece00000, 0x00000000ecf00000|  0%| F|  |TAMS 0x00000000ece00000, 0x00000000ece00000| Untracked 
| 207|0x00000000ecf00000, 0x00000000ecf00000, 0x00000000ed000000|  0%| F|  |TAMS 0x00000000ecf00000, 0x00000000ecf00000| Untracked 
| 208|0x00000000ed000000, 0x00000000ed000000, 0x00000000ed100000|  0%| F|  |TAMS 0x00000000ed000000, 0x00000000ed000000| Untracked 
| 209|0x00000000ed100000, 0x00000000ed100000, 0x00000000ed200000|  0%| F|  |TAMS 0x00000000ed100000, 0x00000000ed100000| Untracked 
| 210|0x00000000ed200000, 0x00000000ed200000, 0x00000000ed300000|  0%| F|  |TAMS 0x00000000ed200000, 0x00000000ed200000| Untracked 
| 211|0x00000000ed300000, 0x00000000ed300000, 0x00000000ed400000|  0%| F|  |TAMS 0x00000000ed300000, 0x00000000ed300000| Untracked 
| 212|0x00000000ed400000, 0x00000000ed400000, 0x00000000ed500000|  0%| F|  |TAMS 0x00000000ed400000, 0x00000000ed400000| Untracked 
| 213|0x00000000ed500000, 0x00000000ed500000, 0x00000000ed600000|  0%| F|  |TAMS 0x00000000ed500000, 0x00000000ed500000| Untracked 
| 214|0x00000000ed600000, 0x00000000ed600000, 0x00000000ed700000|  0%| F|  |TAMS 0x00000000ed600000, 0x00000000ed600000| Untracked 
| 215|0x00000000ed700000, 0x00000000ed700000, 0x00000000ed800000|  0%| F|  |TAMS 0x00000000ed700000, 0x00000000ed700000| Untracked 
| 216|0x00000000ed800000, 0x00000000ed800000, 0x00000000ed900000|  0%| F|  |TAMS 0x00000000ed800000, 0x00000000ed800000| Untracked 
| 217|0x00000000ed900000, 0x00000000ed900000, 0x00000000eda00000|  0%| F|  |TAMS 0x00000000ed900000, 0x00000000ed900000| Untracked 
| 218|0x00000000eda00000, 0x00000000eda00000, 0x00000000edb00000|  0%| F|  |TAMS 0x00000000eda00000, 0x00000000eda00000| Untracked 
| 219|0x00000000edb00000, 0x00000000edb00000, 0x00000000edc00000|  0%| F|  |TAMS 0x00000000edb00000, 0x00000000edb00000| Untracked 
| 220|0x00000000edc00000, 0x00000000edc00000, 0x00000000edd00000|  0%| F|  |TAMS 0x00000000edc00000, 0x00000000edc00000| Untracked 
| 221|0x00000000edd00000, 0x00000000edd00000, 0x00000000ede00000|  0%| F|  |TAMS 0x00000000edd00000, 0x00000000edd00000| Untracked 
| 222|0x00000000ede00000, 0x00000000ede00000, 0x00000000edf00000|  0%| F|  |TAMS 0x00000000ede00000, 0x00000000ede00000| Untracked 
| 223|0x00000000edf00000, 0x00000000edf00000, 0x00000000ee000000|  0%| F|  |TAMS 0x00000000edf00000, 0x00000000edf00000| Untracked 
| 224|0x00000000ee000000, 0x00000000ee04a098, 0x00000000ee100000| 28%| E|  |TAMS 0x00000000ee000000, 0x00000000ee000000| Complete 
| 225|0x00000000ee100000, 0x00000000ee1de5b8, 0x00000000ee200000| 86%| E|  |TAMS 0x00000000ee100000, 0x00000000ee100000| Complete 
| 226|0x00000000ee200000, 0x00000000ee300000, 0x00000000ee300000|100%| E|CS|TAMS 0x00000000ee200000, 0x00000000ee200000| Complete 
| 227|0x00000000ee300000, 0x00000000ee400000, 0x00000000ee400000|100%| E|CS|TAMS 0x00000000ee300000, 0x00000000ee300000| Complete 
| 228|0x00000000ee400000, 0x00000000ee500000, 0x00000000ee500000|100%| E|CS|TAMS 0x00000000ee400000, 0x00000000ee400000| Complete 
| 229|0x00000000ee500000, 0x00000000ee600000, 0x00000000ee600000|100%| E|CS|TAMS 0x00000000ee500000, 0x00000000ee500000| Complete 
| 230|0x00000000ee600000, 0x00000000ee700000, 0x00000000ee700000|100%| E|CS|TAMS 0x00000000ee600000, 0x00000000ee600000| Complete 
| 231|0x00000000ee700000, 0x00000000ee800000, 0x00000000ee800000|100%| E|CS|TAMS 0x00000000ee700000, 0x00000000ee700000| Complete 
| 232|0x00000000ee800000, 0x00000000ee900000, 0x00000000ee900000|100%| E|CS|TAMS 0x00000000ee800000, 0x00000000ee800000| Complete 
| 233|0x00000000ee900000, 0x00000000eea00000, 0x00000000eea00000|100%| E|CS|TAMS 0x00000000ee900000, 0x00000000ee900000| Complete 
| 234|0x00000000eea00000, 0x00000000eeb00000, 0x00000000eeb00000|100%| E|CS|TAMS 0x00000000eea00000, 0x00000000eea00000| Complete 
| 235|0x00000000eeb00000, 0x00000000eec00000, 0x00000000eec00000|100%| E|CS|TAMS 0x00000000eeb00000, 0x00000000eeb00000| Complete 
| 236|0x00000000eec00000, 0x00000000eed00000, 0x00000000eed00000|100%| E|CS|TAMS 0x00000000eec00000, 0x00000000eec00000| Complete 
| 237|0x00000000eed00000, 0x00000000eee00000, 0x00000000eee00000|100%| E|CS|TAMS 0x00000000eed00000, 0x00000000eed00000| Complete 
| 238|0x00000000eee00000, 0x00000000eef00000, 0x00000000eef00000|100%| E|CS|TAMS 0x00000000eee00000, 0x00000000eee00000| Complete 
| 239|0x00000000eef00000, 0x00000000ef000000, 0x00000000ef000000|100%| E|CS|TAMS 0x00000000eef00000, 0x00000000eef00000| Complete 
| 240|0x00000000ef000000, 0x00000000ef100000, 0x00000000ef100000|100%| E|CS|TAMS 0x00000000ef000000, 0x00000000ef000000| Complete 
| 241|0x00000000ef100000, 0x00000000ef200000, 0x00000000ef200000|100%| E|CS|TAMS 0x00000000ef100000, 0x00000000ef100000| Complete 
| 242|0x00000000ef200000, 0x00000000ef300000, 0x00000000ef300000|100%| E|CS|TAMS 0x00000000ef200000, 0x00000000ef200000| Complete 
| 243|0x00000000ef300000, 0x00000000ef400000, 0x00000000ef400000|100%| E|CS|TAMS 0x00000000ef300000, 0x00000000ef300000| Complete 
| 244|0x00000000ef400000, 0x00000000ef500000, 0x00000000ef500000|100%| E|CS|TAMS 0x00000000ef400000, 0x00000000ef400000| Complete 
| 245|0x00000000ef500000, 0x00000000ef600000, 0x00000000ef600000|100%| E|CS|TAMS 0x00000000ef500000, 0x00000000ef500000| Complete 
| 246|0x00000000ef600000, 0x00000000ef700000, 0x00000000ef700000|100%| E|CS|TAMS 0x00000000ef600000, 0x00000000ef600000| Complete 
| 247|0x00000000ef700000, 0x00000000ef800000, 0x00000000ef800000|100%| E|CS|TAMS 0x00000000ef700000, 0x00000000ef700000| Complete 
| 248|0x00000000ef800000, 0x00000000ef900000, 0x00000000ef900000|100%| E|CS|TAMS 0x00000000ef800000, 0x00000000ef800000| Complete 
| 249|0x00000000ef900000, 0x00000000efa00000, 0x00000000efa00000|100%| E|CS|TAMS 0x00000000ef900000, 0x00000000ef900000| Complete 
| 250|0x00000000efa00000, 0x00000000efb00000, 0x00000000efb00000|100%| E|CS|TAMS 0x00000000efa00000, 0x00000000efa00000| Complete 
| 251|0x00000000efb00000, 0x00000000efc00000, 0x00000000efc00000|100%| E|CS|TAMS 0x00000000efb00000, 0x00000000efb00000| Complete 
| 252|0x00000000efc00000, 0x00000000efd00000, 0x00000000efd00000|100%| E|CS|TAMS 0x00000000efc00000, 0x00000000efc00000| Complete 
| 253|0x00000000efd00000, 0x00000000efe00000, 0x00000000efe00000|100%| E|CS|TAMS 0x00000000efd00000, 0x00000000efd00000| Complete 
| 254|0x00000000efe00000, 0x00000000eff00000, 0x00000000eff00000|100%| E|CS|TAMS 0x00000000efe00000, 0x00000000efe00000| Complete 
| 255|0x00000000eff00000, 0x00000000f0000000, 0x00000000f0000000|100%| E|CS|TAMS 0x00000000eff00000, 0x00000000eff00000| Complete 

Card table byte_map: [0x00000210321f0000,0x00000210322f0000] _byte_map_base: 0x0000021031af0000

Marking Bits (Prev, Next): (CMBitMap*) 0x0000021018716360, (CMBitMap*) 0x0000021018716328
 Prev Bits: [0x0000021032bf0000, 0x00000210333f0000)
 Next Bits: [0x00000210323f0000, 0x0000021032bf0000)

Polling page: 0x00000210185c0000

Metaspace:

Usage:
  Non-class:     22.30 MB capacity,    22.03 MB ( 99%) used,   236.79 KB (  1%) free+waste,    38.19 KB ( <1%) overhead. 
      Class:      3.37 MB capacity,     3.21 MB ( 95%) used,   151.23 KB (  4%) free+waste,    18.06 KB ( <1%) overhead. 
       Both:     25.68 MB capacity,    25.24 MB ( 98%) used,   388.02 KB (  1%) free+waste,    56.25 KB ( <1%) overhead. 

Virtual space:
  Non-class space:       24.00 MB reserved,      22.50 MB ( 94%) committed 
      Class space:      248.00 MB reserved,       3.38 MB (  1%) committed 
             Both:      272.00 MB reserved,      25.88 MB ( 10%) committed 

Chunk freelists:
   Non-Class:  10.00 KB
       Class:  2.00 KB
        Both:  12.00 KB

MaxMetaspaceSize: 256.00 MB
CompressedClassSpaceSize: 248.00 MB
Initial GC threshold: 20.80 MB
Current GC threshold: 35.00 MB
CDS: off

CodeHeap 'non-profiled nmethods': size=120000Kb used=844Kb max_used=844Kb free=119155Kb
 bounds [0x000002102a150000, 0x000002102a3c0000, 0x0000021031680000]
CodeHeap 'profiled nmethods': size=120000Kb used=4335Kb max_used=4335Kb free=115664Kb
 bounds [0x0000021022c20000, 0x0000021023060000, 0x000002102a150000]
CodeHeap 'non-nmethods': size=5760Kb used=1205Kb max_used=1236Kb free=4554Kb
 bounds [0x0000021022680000, 0x00000210228f0000, 0x0000021022c20000]
 total_blobs=2588 nmethods=2115 adapters=385
 compilation: enabled
              stopped_count=0, restarted_count=0
 full_count=0

Compilation events (20 events):
Event: 6.828 Thread 0x00000210367e5800 nmethod 2073 0x000002102303e310 code [0x000002102303e6a0, 0x00000210230407d8]
Event: 6.831 Thread 0x00000210367e5800 2074   !   3       java.lang.ClassLoader::loadClass (122 bytes)
Event: 6.835 Thread 0x00000210367e5800 nmethod 2074 0x0000021023041290 code [0x0000021023041660, 0x00000210230438d8]
Event: 6.853 Thread 0x00000210367e5800 2075       3       java.net.URLConnection::<init> (62 bytes)
Event: 6.855 Thread 0x00000210367e5800 nmethod 2075 0x0000021023044610 code [0x0000021023044840, 0x0000021023044f08]
Event: 6.855 Thread 0x00000210367e5800 2076       3       java.net.URLConnection::getDefaultUseCaches (30 bytes)
Event: 6.855 Thread 0x00000210367e5800 nmethod 2076 0x0000021023045110 code [0x0000021023045320, 0x00000210230457c8]
Event: 6.874 Thread 0x00000210367e5800 2078       3       java.lang.Integer::hashCode (8 bytes)
Event: 6.875 Thread 0x00000210367e5800 nmethod 2078 0x0000021023045990 code [0x0000021023045b40, 0x0000021023045c98]
Event: 6.875 Thread 0x00000210367e5800 2079       3       java.lang.Integer::hashCode (2 bytes)
Event: 6.875 Thread 0x00000210367e5800 nmethod 2079 0x0000021023045d90 code [0x0000021023045f40, 0x0000021023046018]
Event: 6.876 Thread 0x00000210367e5800 2080       3       org.codehaus.groovy.reflection.GeneratedMetaMethod$DgmMethodRecord::<init> (5 bytes)
Event: 6.876 Thread 0x00000210367e5800 nmethod 2080 0x0000021023046090 code [0x0000021023046240, 0x0000021023046398]
Event: 6.877 Thread 0x00000210367e5800 2081       2       java.io.DataInputStream::readUTF (501 bytes)
Event: 6.880 Thread 0x00000210367e5800 nmethod 2081 0x0000021023046490 code [0x0000021023046820, 0x0000021023047b38]
Event: 6.981 Thread 0x00000210367e5800 2083       1       org.gradle.launcher.daemon.server.exec.DaemonConnectionBackedEventConsumer::access$100 (5 bytes)
Event: 6.982 Thread 0x00000210367e5800 nmethod 2083 0x000002102a221310 code [0x000002102a2214c0, 0x000002102a221558]
Event: 6.986 Thread 0x00000210367e5800 2084  s!   2       jdk.internal.loader.URLClassPath::getLoader (194 bytes)
Event: 6.988 Thread 0x00000210367e5800 nmethod 2084 0x0000021023048590 code [0x0000021023048840, 0x0000021023049598]
Event: 6.988 Thread 0x00000210367e5800 2085       3       java.lang.PublicMethods$MethodList::<init> (10 bytes)

GC Heap History (4 events):
Event: 1.633 GC heap before
{Heap before GC invocations=0 (full 0):
 garbage-first heap   total 262144K, used 29696K [0x00000000e0000000, 0x0000000100000000)
  region size 1024K, 24 young (24576K), 0 survivors (0K)
 Metaspace       used 10375K, capacity 10586K, committed 10624K, reserved 264192K
  class space    used 1066K, capacity 1124K, committed 1152K, reserved 253952K
}
Event: 1.641 GC heap after
{Heap after GC invocations=1 (full 0):
 garbage-first heap   total 262144K, used 7602K [0x00000000e0000000, 0x0000000100000000)
  region size 1024K, 3 young (3072K), 3 survivors (3072K)
 Metaspace       used 10375K, capacity 10586K, committed 10624K, reserved 264192K
  class space    used 1066K, capacity 1124K, committed 1152K, reserved 253952K
}
Event: 5.888 GC heap before
{Heap before GC invocations=1 (full 0):
 garbage-first heap   total 262144K, used 80306K [0x00000000e0000000, 0x0000000100000000)
  region size 1024K, 75 young (76800K), 3 survivors (3072K)
 Metaspace       used 20774K, capacity 21106K, committed 21248K, reserved 272384K
  class space    used 2579K, capacity 2708K, committed 2816K, reserved 253952K
}
Event: 5.908 GC heap after
{Heap after GC invocations=2 (full 0):
 garbage-first heap   total 262144K, used 14824K [0x00000000e0000000, 0x0000000100000000)
  region size 1024K, 11 young (11264K), 11 survivors (11264K)
 Metaspace       used 20774K, capacity 21106K, committed 21248K, reserved 272384K
  class space    used 2579K, capacity 2708K, committed 2816K, reserved 253952K
}

Deoptimization events (20 events):
Event: 6.806 Thread 0x000002103694c000 Uncommon trap: trap_request=0xffffff4d fr.pc=0x000002102a1c21b0 relative=0x0000000000001650
Event: 6.806 Thread 0x000002103694c000 Uncommon trap: reason=unstable_if action=reinterpret pc=0x000002102a1c21b0 method=java.util.concurrent.ConcurrentHashMap.putVal(Ljava/lang/Object;Ljava/lang/Object;Z)Ljava/lang/Object; @ 231 c2
Event: 6.806 Thread 0x000002103694c000 DEOPT PACKING pc=0x000002102a1c21b0 sp=0x00000043d44fa100
Event: 6.806 Thread 0x000002103694c000 DEOPT UNPACKING pc=0x00000210226ca1af sp=0x00000043d44fa080 mode 2
Event: 6.874 Thread 0x000002103694c000 Uncommon trap: trap_request=0xffffffde fr.pc=0x000002102a1e4e5c relative=0x00000000000010fc
Event: 6.875 Thread 0x000002103694c000 Uncommon trap: reason=class_check action=maybe_recompile pc=0x000002102a1e4e5c method=java.io.BufferedInputStream.read([BII)I @ 101 c2
Event: 6.875 Thread 0x000002103694c000 DEOPT PACKING pc=0x000002102a1e4e5c sp=0x00000043d44f97b0
Event: 6.875 Thread 0x000002103694c000 DEOPT UNPACKING pc=0x00000210226ca1af sp=0x00000043d44f9670 mode 2
Event: 6.875 Thread 0x000002103694c000 Uncommon trap: trap_request=0xffffffde fr.pc=0x000002102a1e4e5c relative=0x00000000000010fc
Event: 6.875 Thread 0x000002103694c000 Uncommon trap: reason=class_check action=maybe_recompile pc=0x000002102a1e4e5c method=java.io.BufferedInputStream.read([BII)I @ 101 c2
Event: 6.875 Thread 0x000002103694c000 DEOPT PACKING pc=0x000002102a1e4e5c sp=0x00000043d44f97b0
Event: 6.875 Thread 0x000002103694c000 DEOPT UNPACKING pc=0x00000210226ca1af sp=0x00000043d44f9670 mode 2
Event: 6.876 Thread 0x000002103694c000 Uncommon trap: trap_request=0xffffffde fr.pc=0x000002102a1e4e5c relative=0x00000000000010fc
Event: 6.876 Thread 0x000002103694c000 Uncommon trap: reason=class_check action=maybe_recompile pc=0x000002102a1e4e5c method=java.io.BufferedInputStream.read([BII)I @ 101 c2
Event: 6.876 Thread 0x000002103694c000 DEOPT PACKING pc=0x000002102a1e4e5c sp=0x00000043d44f97b0
Event: 6.876 Thread 0x000002103694c000 DEOPT UNPACKING pc=0x00000210226ca1af sp=0x00000043d44f9670 mode 2
Event: 6.877 Thread 0x000002103694c000 Uncommon trap: trap_request=0xffffffde fr.pc=0x000002102a1e4e5c relative=0x00000000000010fc
Event: 6.877 Thread 0x000002103694c000 Uncommon trap: reason=class_check action=maybe_recompile pc=0x000002102a1e4e5c method=java.io.BufferedInputStream.read([BII)I @ 101 c2
Event: 6.877 Thread 0x000002103694c000 DEOPT PACKING pc=0x000002102a1e4e5c sp=0x00000043d44f97b0
Event: 6.877 Thread 0x000002103694c000 DEOPT UNPACKING pc=0x00000210226ca1af sp=0x00000043d44f9670 mode 2

Classes redefined (0 events):
No events

Internal exceptions (20 events):
Event: 2.417 Thread 0x00000210186f3800 Exception <a 'java/lang/NoSuchMethodError'{0x00000000ee24dfc8}: 'java.lang.Object java.lang.invoke.DirectMethodHandle$Holder.invokeStaticInit(java.lang.Object, java.lang.Object, java.lang.Object)'> (0x00000000ee24dfc8) thrown at [./src/hotspot/share/interpreter/linkResolver.cpp, line 773]
Event: 2.536 Thread 0x00000210186f3800 Exception <a 'java/lang/NoSuchMethodError'{0x00000000ee0bdd68}: 'java.lang.Object java.lang.invoke.Invokers$Holder.invoker(java.lang.Object, java.lang.Object, java.lang.Object, java.lang.Object, java.lang.Object)'> (0x00000000ee0bdd68) thrown at [./src/hotspot/share/interpreter/linkResolver.cpp, line 773]
Event: 2.542 Thread 0x00000210186f3800 Exception <a 'java/lang/NoSuchMethodError'{0x00000000ee0ce9e0}: 'void java.lang.invoke.DelegatingMethodHandle$Holder.delegate(java.lang.Object, java.lang.Object, int, java.lang.Object)'> (0x00000000ee0ce9e0) thrown at [./src/hotspot/share/interpreter/linkResolver.cpp, line 773]
Event: 2.691 Thread 0x00000210186f3800 Exception <a 'java/lang/NoSuchMethodError'{0x00000000edddecb0}: 'java.lang.Object java.lang.invoke.DirectMethodHandle$Holder.invokeStaticInit(java.lang.Object, int, int, int, int)'> (0x00000000edddecb0) thrown at [./src/hotspot/share/interpreter/linkResolver.cpp, line 773]
Event: 3.441 Thread 0x00000210186f3800 Exception <a 'java/lang/NoSuchMethodError'{0x00000000edca5090}: 'java.lang.Object java.lang.invoke.DirectMethodHandle$Holder.invokeStaticInit(java.lang.Object, java.lang.Object, int, int, int, int)'> (0x00000000edca5090) thrown at [./src/hotspot/share/interpreter/linkResolver.cpp, line 773]
Event: 4.730 Thread 0x00000210186f3800 Exception <a 'java/io/IOException'{0x00000000ed90a240}> (0x00000000ed90a240) thrown at [./src/hotspot/share/prims/jni.cpp, line 617]
Event: 4.824 Thread 0x0000021036951800 Exception <a 'java/lang/NoSuchMethodError'{0x00000000ed8a5720}: <clinit>> (0x00000000ed8a5720) thrown at [./src/hotspot/share/prims/jni.cpp, line 1367]
Event: 4.827 Thread 0x0000021036951800 Exception <a 'java/lang/NoSuchMethodError'{0x00000000ed8afec8}: <clinit>> (0x00000000ed8afec8) thrown at [./src/hotspot/share/prims/jni.cpp, line 1367]
Event: 4.832 Thread 0x0000021036951800 Exception <a 'java/lang/NoSuchMethodError'{0x00000000ed8bf488}: <clinit>> (0x00000000ed8bf488) thrown at [./src/hotspot/share/prims/jni.cpp, line 1367]
Event: 4.850 Thread 0x0000021036951800 Exception <a 'java/lang/NoSuchMethodError'{0x00000000ed7033a8}: <clinit>> (0x00000000ed7033a8) thrown at [./src/hotspot/share/prims/jni.cpp, line 1367]
Event: 4.862 Thread 0x0000021036951800 Exception <a 'java/lang/NoSuchMethodError'{0x00000000ed73d6f0}: <clinit>> (0x00000000ed73d6f0) thrown at [./src/hotspot/share/prims/jni.cpp, line 1367]
Event: 4.870 Thread 0x0000021036951800 Exception <a 'java/lang/NoSuchMethodError'{0x00000000ed76fbf0}: <clinit>> (0x00000000ed76fbf0) thrown at [./src/hotspot/share/prims/jni.cpp, line 1367]
Event: 4.872 Thread 0x0000021036951800 Exception <a 'java/lang/NoSuchMethodError'{0x00000000ed77a7d8}: <clinit>> (0x00000000ed77a7d8) thrown at [./src/hotspot/share/prims/jni.cpp, line 1367]
Event: 5.025 Thread 0x000002103694c000 Exception <a 'java/lang/NoSuchMethodError'{0x00000000ed445758}: 'void java.lang.invoke.DelegatingMethodHandle$Holder.reinvoke_L(java.lang.Object, java.lang.Object, java.lang.Object, java.lang.Object)'> (0x00000000ed445758) thrown at [./src/hotspot/share/interpreter/linkResolver.cpp, line 773]
Event: 5.031 Thread 0x000002103694c000 Exception <a 'java/lang/NoSuchMethodError'{0x00000000ed465408}: 'void java.lang.invoke.DirectMethodHandle$Holder.invokeVirtual(java.lang.Object, java.lang.Object, java.lang.Object, java.lang.Object, java.lang.Object, java.lang.Object)'> (0x00000000ed465408) thrown at [./src/hotspot/share/interpreter/linkResolver.cpp, line 773]
Event: 5.037 Thread 0x000002103694c000 Exception <a 'java/lang/NoSuchMethodError'{0x00000000ed4888a0}: 'void java.lang.invoke.DelegatingMethodHandle$Holder.reinvoke_L(java.lang.Object, java.lang.Object, java.lang.Object, java.lang.Object, java.lang.Object, java.lang.Object)'> (0x00000000ed4888a0) thrown at [./src/hotspot/share/interpreter/linkResolver.cpp, line 773]
Event: 5.179 Thread 0x000002103694c000 Exception <a 'java/lang/NoSuchMethodError'{0x00000000ececea18}: 'java.lang.Object java.lang.invoke.DirectMethodHandle$Holder.invokeVirtual(java.lang.Object, java.lang.Object, java.lang.Object)'> (0x00000000ececea18) thrown at [./src/hotspot/share/interpreter/linkResolver.cpp, line 773]
Event: 5.270 Thread 0x000002103694c000 Exception <a 'java/lang/NoSuchMethodError'{0x00000000ecb90ff0}: 'java.lang.Object java.lang.invoke.Invokers$Holder.invoker(java.lang.Object, java.lang.Object, java.lang.Object)'> (0x00000000ecb90ff0) thrown at [./src/hotspot/share/interpreter/linkResolver.cpp, line 773]
Event: 5.585 Thread 0x000002103694c000 Exception <a 'java/lang/NoSuchMethodError'{0x00000000ebfe5728}: 'java.lang.Object java.lang.invoke.DirectMethodHandle$Holder.invokeVirtual(java.lang.Object, java.lang.Object, java.lang.Object, java.lang.Object)'> (0x00000000ebfe5728) thrown at [./src/hotspot/share/interpreter/linkResolver.cpp, line 773]
Event: 6.342 Thread 0x000002103694c000 Exception <a 'java/lang/NoSuchMethodError'{0x00000000ef3fac78}: 'java.lang.Object java.lang.invoke.DirectMethodHandle$Holder.invokeVirtual(java.lang.Object, java.lang.Object, java.lang.Object, java.lang.Object, java.lang.Object, java.lang.Object, java.lang.Object, java.lang.Object, java.lang.Object)'> (0x00000000ef3fac78) thrown at [./src/hotspot/share/interpreter/linkResolver.cpp, line 773]

Events (20 events):
Event: 6.970 loading class org/codehaus/groovy/util/ManagedReference$1 done
Event: 6.976 loading class org/codehaus/groovy/util/ReferenceType$HardRef
Event: 6.976 loading class org/codehaus/groovy/util/ReferenceType$HardRef done
Event: 6.977 loading class org/codehaus/groovy/reflection/ClassInfo$LazyClassLoaderRef
Event: 6.977 loading class org/codehaus/groovy/reflection/ClassInfo$LazyClassLoaderRef done
Event: 6.978 loading class org/codehaus/groovy/util/ManagedConcurrentLinkedQueue$Element
Event: 6.978 loading class org/codehaus/groovy/util/ManagedConcurrentLinkedQueue$Element done
Event: 6.980 loading class org/codehaus/groovy/util/ReferenceType$WeakRef
Event: 6.980 loading class org/codehaus/groovy/util/ReferenceType$WeakRef done
Event: 6.982 loading class java/security/AccessControlException
Event: 6.983 loading class java/security/AccessControlException done
Event: 6.983 Executing VM operation: Deoptimize
Event: 6.984 Executing VM operation: Deoptimize done
Event: 6.984 loading class org/codehaus/groovy/util/ReferenceType$SoftRef
Event: 6.984 loading class org/codehaus/groovy/util/ReferenceType$SoftRef done
Event: 6.985 loading class org/codehaus/groovy/transform/trait/Traits$Implemented
Event: 6.985 loading class org/codehaus/groovy/transform/trait/Traits$Implemented done
Event: 6.987 loading class java/util/stream/IntStream
Event: 6.988 loading class java/util/stream/IntStream done
Event: 6.988 Executing VM operation: RevokeBias


Dynamic libraries:
0x00007ff7ad5d0000 - 0x00007ff7ad5dd000 	C:\Users\WINDOWS10\.jdks\corretto-11.0.18\bin\java.exe
0x00007ffa8a0f0000 - 0x00007ffa8a2e8000 	C:\WINDOWS\SYSTEM32\ntdll.dll
0x00007ffa89960000 - 0x00007ffa89a1f000 	C:\WINDOWS\System32\KERNEL32.DLL
0x00007ffa87e50000 - 0x00007ffa88122000 	C:\WINDOWS\System32\KERNELBASE.dll
0x00007ffa87c80000 - 0x00007ffa87d80000 	C:\WINDOWS\System32\ucrtbase.dll
0x00007ffa683a0000 - 0x00007ffa683b7000 	C:\Users\WINDOWS10\.jdks\corretto-11.0.18\bin\jli.dll
0x00007ffa61600000 - 0x00007ffa61619000 	C:\Users\WINDOWS10\.jdks\corretto-11.0.18\bin\VCRUNTIME140.dll
0x00007ffa89f00000 - 0x00007ffa8a0a1000 	C:\WINDOWS\System32\USER32.dll
0x00007ffa87990000 - 0x00007ffa879b2000 	C:\WINDOWS\System32\win32u.dll
0x00007ffa74df0000 - 0x00007ffa7508a000 	C:\WINDOWS\WinSxS\amd64_microsoft.windows.common-controls_6595b64144ccf1df_6.0.19041.1110_none_60b5254171f9507e\COMCTL32.dll
0x00007ffa881d0000 - 0x00007ffa881fb000 	C:\WINDOWS\System32\GDI32.dll
0x00007ffa895c0000 - 0x00007ffa8965e000 	C:\WINDOWS\System32\msvcrt.dll
0x00007ffa879c0000 - 0x00007ffa87acf000 	C:\WINDOWS\System32\gdi32full.dll
0x00007ffa87d80000 - 0x00007ffa87e1d000 	C:\WINDOWS\System32\msvcp_win.dll
0x00007ffa88d70000 - 0x00007ffa88da2000 	C:\WINDOWS\System32\IMM32.DLL
0x00007ffa5d8d0000 - 0x00007ffa5d96b000 	C:\Users\WINDOWS10\.jdks\corretto-11.0.18\bin\msvcp140.dll
0x00007ffa3bb30000 - 0x00007ffa3c6ba000 	C:\Users\WINDOWS10\.jdks\corretto-11.0.18\bin\server\jvm.dll
0x00007ffa882c0000 - 0x00007ffa8836e000 	C:\WINDOWS\System32\ADVAPI32.dll
0x00007ffa88130000 - 0x00007ffa881cc000 	C:\WINDOWS\System32\sechost.dll
0x00007ffa88db0000 - 0x00007ffa88ed5000 	C:\WINDOWS\System32\RPCRT4.dll
0x00007ffa88ca0000 - 0x00007ffa88ca8000 	C:\WINDOWS\System32\PSAPI.DLL
0x00007ffa7cee0000 - 0x00007ffa7cf07000 	C:\WINDOWS\SYSTEM32\WINMM.dll
0x00007ffa4eb40000 - 0x00007ffa4eb49000 	C:\WINDOWS\SYSTEM32\WSOCK32.dll
0x00007ffa7ced0000 - 0x00007ffa7ceda000 	C:\WINDOWS\SYSTEM32\VERSION.dll
0x00007ffa88370000 - 0x00007ffa883db000 	C:\WINDOWS\System32\WS2_32.dll
0x00007ffa85ff0000 - 0x00007ffa86002000 	C:\WINDOWS\SYSTEM32\kernel.appcore.dll
0x00007ffa81100000 - 0x00007ffa81110000 	C:\Users\WINDOWS10\.jdks\corretto-11.0.18\bin\verify.dll
0x00007ffa79d30000 - 0x00007ffa79f14000 	C:\WINDOWS\SYSTEM32\DBGHELP.DLL
0x00007ffa743c0000 - 0x00007ffa743f5000 	C:\WINDOWS\SYSTEM32\dbgcore.DLL
0x00007ffa877e0000 - 0x00007ffa87862000 	C:\WINDOWS\System32\bcryptPrimitives.dll
0x00007ffa5d8a0000 - 0x00007ffa5d8c8000 	C:\Users\WINDOWS10\.jdks\corretto-11.0.18\bin\java.dll
0x00007ffa79960000 - 0x00007ffa7996a000 	C:\Users\WINDOWS10\.jdks\corretto-11.0.18\bin\jimage.dll
0x00007ffa61490000 - 0x00007ffa614a8000 	C:\Users\WINDOWS10\.jdks\corretto-11.0.18\bin\zip.dll
0x00007ffa884f0000 - 0x00007ffa88c35000 	C:\WINDOWS\System32\SHELL32.dll
0x00007ffa85840000 - 0x00007ffa85fd2000 	C:\WINDOWS\SYSTEM32\windows.storage.dll
0x00007ffa89b40000 - 0x00007ffa89e95000 	C:\WINDOWS\System32\combase.dll
0x00007ffa87160000 - 0x00007ffa87190000 	C:\WINDOWS\SYSTEM32\Wldp.dll
0x00007ffa89350000 - 0x00007ffa893fd000 	C:\WINDOWS\System32\SHCORE.dll
0x00007ffa88200000 - 0x00007ffa88255000 	C:\WINDOWS\System32\shlwapi.dll
0x00007ffa87720000 - 0x00007ffa8773f000 	C:\WINDOWS\SYSTEM32\profapi.dll
0x00007ffa609b0000 - 0x00007ffa609c9000 	C:\Users\WINDOWS10\.jdks\corretto-11.0.18\bin\net.dll
0x00007ffa7f0c0000 - 0x00007ffa7f1cc000 	C:\WINDOWS\SYSTEM32\WINHTTP.dll
0x00007ffa86e80000 - 0x00007ffa86eea000 	C:\WINDOWS\system32\mswsock.dll
0x00007ffa5d880000 - 0x00007ffa5d893000 	C:\Users\WINDOWS10\.jdks\corretto-11.0.18\bin\nio.dll
0x00007ffa609d0000 - 0x00007ffa609f6000 	C:\Users\WINDOWS10\.gradle\native\29\windows-amd64\native-platform.dll
0x00007ffa81130000 - 0x00007ffa81139000 	C:\Users\WINDOWS10\.jdks\corretto-11.0.18\bin\management.dll
0x00007ffa81120000 - 0x00007ffa8112b000 	C:\Users\WINDOWS10\.jdks\corretto-11.0.18\bin\management_ext.dll
0x00007ffa870b0000 - 0x00007ffa870c8000 	C:\WINDOWS\SYSTEM32\CRYPTSP.dll
0x00007ffa867a0000 - 0x00007ffa867d4000 	C:\WINDOWS\system32\rsaenh.dll
0x00007ffa87e20000 - 0x00007ffa87e47000 	C:\WINDOWS\System32\bcrypt.dll
0x00007ffa876e0000 - 0x00007ffa8770e000 	C:\WINDOWS\SYSTEM32\USERENV.dll
0x00007ffa870d0000 - 0x00007ffa870dc000 	C:\WINDOWS\SYSTEM32\CRYPTBASE.dll
0x00007ffa86b80000 - 0x00007ffa86bbb000 	C:\WINDOWS\SYSTEM32\IPHLPAPI.DLL
0x00007ffa88d60000 - 0x00007ffa88d68000 	C:\WINDOWS\System32\NSI.dll
0x00007ffa7e2a0000 - 0x00007ffa7e2b7000 	C:\WINDOWS\SYSTEM32\dhcpcsvc6.DLL
0x00007ffa7e280000 - 0x00007ffa7e29d000 	C:\WINDOWS\SYSTEM32\dhcpcsvc.DLL
0x00007ffa86bc0000 - 0x00007ffa86c8b000 	C:\WINDOWS\SYSTEM32\DNSAPI.dll

dbghelp: loaded successfully - version: 4.0.5 - missing functions: none
symbol engine: initialized successfully - sym options: 0x614 - pdb path: .;C:\Users\WINDOWS10\.jdks\corretto-11.0.18\bin;C:\WINDOWS\SYSTEM32;C:\WINDOWS\WinSxS\amd64_microsoft.windows.common-controls_6595b64144ccf1df_6.0.19041.1110_none_60b5254171f9507e;C:\Users\WINDOWS10\.jdks\corretto-11.0.18\bin\server;C:\Users\WINDOWS10\.gradle\native\29\windows-amd64

VM Arguments:
jvm_args: --add-opens=java.base/java.util=ALL-UNNAMED --add-opens=java.base/java.lang=ALL-UNNAMED --add-opens=java.base/java.lang.invoke=ALL-UNNAMED --add-opens=java.prefs/java.util.prefs=ALL-UNNAMED -XX:MaxMetaspaceSize=256m -XX:+HeapDumpOnOutOfMemoryError -Xms256m -Xmx512m -Dfile.encoding=x-windows-874 -Duser.country=US -Duser.language=en -Duser.variant 
java_command: org.gradle.launcher.daemon.bootstrap.GradleDaemon 5.3
java_class_path (initial): C:\Users\WINDOWS10\.gradle\wrapper\dists\gradle-5.3-bin\9tevgwefmd5lgaxkzkt5jgvch\gradle-5.3\lib\gradle-launcher-5.3.jar
Launcher Type: SUN_STANDARD

[Global flags]
     intx CICompilerCount                          = 4                                         {product} {ergonomic}
   size_t CompressedClassSpaceSize                 = 260046848                                 {product} {ergonomic}
     uint ConcGCThreads                            = 2                                         {product} {ergonomic}
     uint G1ConcRefinementThreads                  = 8                                         {product} {ergonomic}
   size_t G1HeapRegionSize                         = 1048576                                   {product} {ergonomic}
    uintx GCDrainStackTargetSize                   = 64                                        {product} {ergonomic}
     bool HeapDumpOnOutOfMemoryError               = true                                   {manageable} {command line}
   size_t InitialHeapSize                          = 268435456                                 {product} {command line}
   size_t MarkStackSize                            = 4194304                                   {product} {ergonomic}
   size_t MaxHeapSize                              = 536870912                                 {product} {command line}
   size_t MaxMetaspaceSize                         = 268435456                                 {product} {command line}
   size_t MaxNewSize                               = 321912832                                 {product} {ergonomic}
   size_t MinHeapDeltaBytes                        = 1048576                                   {product} {ergonomic}
    uintx NonNMethodCodeHeapSize                   = 5836300                                {pd product} {ergonomic}
    uintx NonProfiledCodeHeapSize                  = 122910970                              {pd product} {ergonomic}
    uintx ProfiledCodeHeapSize                     = 122910970                              {pd product} {ergonomic}
    uintx ReservedCodeCacheSize                    = 251658240                              {pd product} {ergonomic}
     bool SegmentedCodeCache                       = true                                      {product} {ergonomic}
     bool UseCompressedClassPointers               = true                                 {lp64_product} {ergonomic}
     bool UseCompressedOops                        = true                                 {lp64_product} {ergonomic}
     bool UseG1GC                                  = true                                      {product} {ergonomic}
     bool UseLargePagesIndividualAllocation        = false                                  {pd product} {ergonomic}

Logging:
Log output configuration:
 #0: stdout all=warning uptime,level,tags
 #1: stderr all=off uptime,level,tags

Environment Variables:
JAVA_HOME=C:\Program Files\Java\jdk-18.0.1.1
PATH=C:\Program Files (x86)\NVIDIA Corporation\PhysX\Common;C:\Program Files (x86)\VMware\VMware Workstation\bin\;D:\app\client\WINDOWS10\product\12.1.0\client_2\bin;D:\app\client\WINDOWS10\product\12.1.0\client_1\bin;C:\oracle\ora81\bin;C:\Program Files (x86)\Oracle\jre\1.1.7\bin;C:\Program Files\Python38\Scripts\;C:\Program Files\Python38\;C:\Program Files\Common Files\Oracle\Java\javapath;C:\Program Files (x86)\Python38-32\Scripts\;C:\Program Files (x86)\Python38-32\;C:\WINDOWS\system32;C:\WINDOWS;C:\WINDOWS\System32\Wbem;C:\WINDOWS\System32\WindowsPowerShell\v1.0\;C:\WINDOWS\System32\OpenSSH\;C:\Program Files (x86)\Windows Live\Shared;C:\ProgramData\chocolatey\bin;C:\Program Files\Git\cmd;;C:\Program Files\Docker\Docker\resources\bin;C:\Program Files\MySQL\MySQL Shell 8.0\bin\;C:\Users\WINDOWS10\AppData\Local\Programs\Python\Python38-32\Scripts\;C:\Users\WINDOWS10\AppData\Local\Programs\Python\Python38-32\;C:\Users\WINDOWS10\AppData\Local\Programs\Python\Python310\Scripts\;C:\Users\WINDOWS10\AppData\Local\Programs\Python\Python310\;C:\Program Files\Java\jdk-14.0.2;"C:\Users\WINDOWS10\AppData\Local\Microsoft\WindowsApps;C:\MinGW\bin";C:\Program Files\JetBrains\IntelliJ IDEA 2020.3.1\bin;;C:\Program Files\JetBrains\IntelliJ IDEA Community Edition 2020.3.1\bin;;C:\Users\WINDOWS10\AppData\Local\Microsoft\WindowsApps;C:\Users\WINDOWS10\AppData\Local\Programs\Microsoft VS Code\bin;C:\Program Files\JetBrains\PyCharm Edu 2021.1.3\bin;;C:\Users\WINDOWS10\AppData\Local\GitHubDesktop\bin;C:\Program Files\Java\jdk-18.0.1.1;
USERNAME=WINDOWS10
OS=Windows_NT
PROCESSOR_IDENTIFIER=AMD64 Family 23 Model 17 Stepping 0, AuthenticAMD
TMP=C:\Users\WINDOW~1\AppData\Local\Temp
TEMP=C:\Users\WINDOW~1\AppData\Local\Temp



---------------  S Y S T E M  ---------------

OS: Windows 10 , 64 bit Build 19041 (10.0.19041.2546)
OS uptime: 4 days 10:01 hours
Hyper-V role detected

CPU:total 8 (initial active 8) (8 cores per cpu, 2 threads per core) family 23 model 17 stepping 0 microcode 0x0, cmov, cx8, fxsr, mmx, sse, sse2, sse3, ssse3, sse4.1, sse4.2, popcnt, avx, avx2, aes, clmul, mmxext, 3dnowpref, lzcnt, sse4a, ht, tsc, tscinvbit, tscinv, bmi1, bmi2, adx, sha, fma

Memory: 4k page, system-wide physical 7069M (120M free)
TotalPageFile size 28573M (AvailPageFile size 3M)
current process WorkingSet (physical memory assigned to process): 190M, peak: 190M
current process commit charge ("private bytes"): 403M, peak: 403M

vm_info: OpenJDK 64-Bit Server VM (11.0.18+10-LTS) for windows-amd64 JRE (11.0.18+10-LTS), built on Jan 10 2023 20:17:52 by "Administrator" with MS VC++ 15.9 (VS2017)

END.
